# JRE version: OpenJDK Runtime Environment (8.0_242-b01) (build 1.8.0_242-release-1644-b01)
# Java VM: OpenJDK 64-Bit Server VM (25.242-b01 mixed mode windows-amd64 compressed oops)
Heap:
 PSYoungGen      total 343040K, used 249781K [0x00000000d5580000, 0x00000000eee80000, 0x0000000100000000)
  eden space 293376K, 85% used [0x00000000d5580000,0x00000000e496d570,0x00000000e7400000)
  from space 49664K, 0% used [0x00000000e7400000,0x00000000e7400000,0x00000000ea480000)
  to   space 41472K, 0% used [0x00000000ea480000,0x00000000ea480000,0x00000000ecd00000)
 ParOldGen       total 167936K, used 90619K [0x0000000080000000, 0x000000008a400000, 0x00000000d5580000)
  object space 167936K, 53% used [0x0000000080000000,0x000000008587ef30,0x000000008a400000)
 Metaspace       used 95674K, capacity 100204K, committed 101400K, reserved 1136640K
  class space    used 12665K, capacity 13564K, committed 13864K, reserved 1048576K
GC Heap History (10 events):
Event: 24.998 GC heap before
{Heap before GC invocations=23 (full 6):
 PSYoungGen      total 295424K, used 295301K [0x00000000d5580000, 0x00000000ecf80000, 0x0000000100000000)
  eden space 284672K, 100% used [0x00000000d5580000,0x00000000e6b80000,0x00000000e6b80000)
  from space 10752K, 98% used [0x00000000ec500000,0x00000000ecf615e0,0x00000000ecf80000)
  to   space 41984K, 0% used [0x00000000e7d80000,0x00000000e7d80000,0x00000000ea680000)
 ParOldGen       total 113664K, used 81808K [0x0000000080000000, 0x0000000086f00000, 0x00000000d5580000)
  object space 113664K, 71% used [0x0000000080000000,0x0000000084fe4038,0x0000000086f00000)
 Metaspace       used 86662K, capacity 90654K, committed 92824K, reserved 1128448K
  class space    used 11732K, capacity 12479K, committed 12968K, reserved 1048576K
Event: 25.010 GC heap after
Heap after GC invocations=23 (full 6):
 PSYoungGen      total 308736K, used 6752K [0x00000000d5580000, 0x00000000ecd00000, 0x0000000100000000)
  eden space 301568K, 0% used [0x00000000d5580000,0x00000000d5580000,0x00000000e7c00000)
  from space 7168K, 94% used [0x00000000e7d80000,0x00000000e8418000,0x00000000e8480000)
  to   space 41472K, 0% used [0x00000000ea480000,0x00000000ea480000,0x00000000ecd00000)
 ParOldGen       total 113664K, used 81816K [0x0000000080000000, 0x0000000086f00000, 0x00000000d5580000)
  object space 113664K, 71% used [0x0000000080000000,0x0000000084fe6038,0x0000000086f00000)
 Metaspace       used 86662K, capacity 90654K, committed 92824K, reserved 1128448K
  class space    used 11732K, capacity 12479K, committed 12968K, reserved 1048576K
}
Event: 26.409 GC heap before
{Heap before GC invocations=24 (full 6):
 PSYoungGen      total 308736K, used 308320K [0x00000000d5580000, 0x00000000ecd00000, 0x0000000100000000)
  eden space 301568K, 100% used [0x00000000d5580000,0x00000000e7c00000,0x00000000e7c00000)
  from space 7168K, 94% used [0x00000000e7d80000,0x00000000e8418000,0x00000000e8480000)
  to   space 41472K, 0% used [0x00000000ea480000,0x00000000ea480000,0x00000000ecd00000)
 ParOldGen       total 113664K, used 81816K [0x0000000080000000, 0x0000000086f00000, 0x00000000d5580000)
  object space 113664K, 71% used [0x0000000080000000,0x0000000084fe6038,0x0000000086f00000)
 Metaspace       used 86902K, capacity 90870K, committed 93080K, reserved 1130496K
  class space    used 11736K, capacity 12483K, committed 12968K, reserved 1048576K
Event: 26.437 GC heap after
Heap after GC invocations=24 (full 6):
 PSYoungGen      total 334848K, used 41455K [0x00000000d5580000, 0x00000000eee80000, 0x0000000100000000)
  eden space 293376K, 0% used [0x00000000d5580000,0x00000000d5580000,0x00000000e7400000)
  from space 41472K, 99% used [0x00000000ea480000,0x00000000eccfbf18,0x00000000ecd00000)
  to   space 49664K, 0% used [0x00000000e7400000,0x00000000e7400000,0x00000000ea480000)
 ParOldGen       total 113664K, used 85933K [0x0000000080000000, 0x0000000086f00000, 0x00000000d5580000)
  object space 113664K, 75% used [0x0000000080000000,0x00000000853eb580,0x0000000086f00000)
 Metaspace       used 86902K, capacity 90870K, committed 93080K, reserved 1130496K
  class space    used 11736K, capacity 12483K, committed 12968K, reserved 1048576K
}
Event: 28.483 GC heap before
{Heap before GC invocations=25 (full 6):
 PSYoungGen      total 334848K, used 334409K [0x00000000d5580000, 0x00000000eee80000, 0x0000000100000000)
  eden space 293376K, 99% used [0x00000000d5580000,0x00000000e73966b8,0x00000000e7400000)
  from space 41472K, 99% used [0x00000000ea480000,0x00000000eccfbf18,0x00000000ecd00000)
  to   space 49664K, 0% used [0x00000000e7400000,0x00000000e7400000,0x00000000ea480000)
 ParOldGen       total 113664K, used 85933K [0x0000000080000000, 0x0000000086f00000, 0x00000000d5580000)
  object space 113664K, 75% used [0x0000000080000000,0x00000000853eb580,0x0000000086f00000)
 Metaspace       used 87119K, capacity 91158K, committed 93336K, reserved 1130496K
  class space    used 11737K, capacity 12483K, committed 12968K, reserved 1048576K
Event: 28.603 GC heap after
Heap after GC invocations=25 (full 6):
 PSYoungGen      total 343040K, used 49659K [0x00000000d5580000, 0x00000000eee80000, 0x0000000100000000)
  eden space 293376K, 0% used [0x00000000d5580000,0x00000000d5580000,0x00000000e7400000)
  from space 49664K, 99% used [0x00000000e7400000,0x00000000ea47edb8,0x00000000ea480000)
  to   space 41472K, 0% used [0x00000000ea480000,0x00000000ea480000,0x00000000ecd00000)
 ParOldGen       total 159744K, used 158814K [0x0000000080000000, 0x0000000089c00000, 0x00000000d5580000)
  object space 159744K, 99% used [0x0000000080000000,0x0000000089b17938,0x0000000089c00000)
 Metaspace       used 87119K, capacity 91158K, committed 93336K, reserved 1130496K
  class space    used 11737K, capacity 12483K, committed 12968K, reserved 1048576K
}
Event: 28.603 GC heap before
{Heap before GC invocations=26 (full 7):
 PSYoungGen      total 343040K, used 49659K [0x00000000d5580000, 0x00000000eee80000, 0x0000000100000000)
  eden space 293376K, 0% used [0x00000000d5580000,0x00000000d5580000,0x00000000e7400000)
  from space 49664K, 99% used [0x00000000e7400000,0x00000000ea47edb8,0x00000000ea480000)
  to   space 41472K, 0% used [0x00000000ea480000,0x00000000ea480000,0x00000000ecd00000)
 ParOldGen       total 159744K, used 158814K [0x0000000080000000, 0x0000000089c00000, 0x00000000d5580000)
  object space 159744K, 99% used [0x0000000080000000,0x0000000089b17938,0x0000000089c00000)
 Metaspace       used 87119K, capacity 91158K, committed 93336K, reserved 1130496K
  class space    used 11737K, capacity 12483K, committed 12968K, reserved 1048576K
Event: 29.961 GC heap after
Heap after GC invocations=26 (full 7):
 PSYoungGen      total 343040K, used 20419K [0x00000000d5580000, 0x00000000eee80000, 0x0000000100000000)
  eden space 293376K, 0% used [0x00000000d5580000,0x00000000d5580000,0x00000000e7400000)
  from space 49664K, 41% used [0x00000000e7400000,0x00000000e87f0d28,0x00000000ea480000)
  to   space 41472K, 0% used [0x00000000ea480000,0x00000000ea480000,0x00000000ecd00000)
 ParOldGen       total 159744K, used 159516K [0x0000000080000000, 0x0000000089c00000, 0x00000000d5580000)
  object space 159744K, 99% used [0x0000000080000000,0x0000000089bc7288,0x0000000089c00000)
 Metaspace       used 87119K, capacity 91158K, committed 93336K, reserved 1130496K
  class space    used 11737K, capacity 12483K, committed 12968K, reserved 1048576K
}
Event: 31.748 GC heap before
{Heap before GC invocations=27 (full 8):
 PSYoungGen      total 343040K, used 307093K [0x00000000d5580000, 0x00000000eee80000, 0x0000000100000000)
  eden space 293376K, 97% used [0x00000000d5580000,0x00000000e6d74720,0x00000000e7400000)
  from space 49664K, 41% used [0x00000000e7400000,0x00000000e87f0d28,0x00000000ea480000)
  to   space 41472K, 0% used [0x00000000ea480000,0x00000000ea480000,0x00000000ecd00000)
 ParOldGen       total 167936K, used 167480K [0x0000000080000000, 0x000000008a400000, 0x00000000d5580000)
  object space 167936K, 99% used [0x0000000080000000,0x000000008a38e250,0x000000008a400000)
 Metaspace       used 88012K, capacity 92154K, committed 93976K, reserved 1130496K
  class space    used 11844K, capacity 12621K, committed 13096K, reserved 1048576K
Event: 31.900 GC heap after
Heap after GC invocations=27 (full 8):
 PSYoungGen      total 343040K, used 0K [0x00000000d5580000, 0x00000000eee80000, 0x0000000100000000)
  eden space 293376K, 0% used [0x00000000d5580000,0x00000000d5580000,0x00000000e7400000)
  from space 49664K, 0% used [0x00000000e7400000,0x00000000e7400000,0x00000000ea480000)
  to   space 41472K, 0% used [0x00000000ea480000,0x00000000ea480000,0x00000000ecd00000)
 ParOldGen       total 167936K, used 90619K [0x0000000080000000, 0x000000008a400000, 0x00000000d5580000)
  object space 167936K, 53% used [0x0000000080000000,0x000000008587ef30,0x000000008a400000)
 Metaspace       used 88012K, capacity 92154K, committed 93976K, reserved 1130496K
  class space    used 11844K, capacity 12621K, committed 13096K, reserved 1048576K
}

