# JRE version: OpenJDK Runtime Environment (8.0_242-b01) (build 1.8.0_242-release-1644-b01)
# Java VM: OpenJDK 64-Bit Server VM (25.242-b01 mixed mode windows-amd64 compressed oops)
Heap:
 PSYoungGen      total 385536K, used 240404K [0x00000000d5580000, 0x00000000ef980000, 0x0000000100000000)
  eden space 348672K, 65% used [0x00000000d5580000,0x00000000e33bd250,0x00000000eaa00000)
  from space 36864K, 34% used [0x00000000eaa00000,0x00000000eb689628,0x00000000ece00000)
  to   space 23040K, 0% used [0x00000000ece00000,0x00000000ece00000,0x00000000ee480000)
 ParOldGen       total 201216K, used 104083K [0x0000000080000000, 0x000000008c480000, 0x00000000d5580000)
  object space 201216K, 51% used [0x0000000080000000,0x00000000865a4c60,0x000000008c480000)
 Metaspace       used 78847K, capacity 82544K, committed 84904K, reserved 1122304K
  class space    used 10698K, capacity 11394K, committed 11952K, reserved 1048576K
GC Heap History (10 events):
Event: 12.586 GC heap before
{Heap before GC invocations=18 (full 3):
 PSYoungGen      total 371712K, used 371682K [0x00000000d5580000, 0x00000000ef980000, 0x0000000100000000)
  eden space 348672K, 100% used [0x00000000d5580000,0x00000000eaa00000,0x00000000eaa00000)
  from space 23040K, 99% used [0x00000000ece00000,0x00000000ee478840,0x00000000ee480000)
  to   space 36864K, 0% used [0x00000000eaa00000,0x00000000eaa00000,0x00000000ece00000)
 ParOldGen       total 96768K, used 68903K [0x0000000080000000, 0x0000000085e80000, 0x00000000d5580000)
  object space 96768K, 71% used [0x0000000080000000,0x0000000084349c68,0x0000000085e80000)
 Metaspace       used 77690K, capacity 82674K, committed 82984K, reserved 1120256K
  class space    used 10844K, capacity 11739K, committed 11824K, reserved 1048576K
Event: 12.668 GC heap after
Heap after GC invocations=18 (full 3):
 PSYoungGen      total 385536K, used 36838K [0x00000000d5580000, 0x00000000ef980000, 0x0000000100000000)
  eden space 348672K, 0% used [0x00000000d5580000,0x00000000d5580000,0x00000000eaa00000)
  from space 36864K, 99% used [0x00000000eaa00000,0x00000000ecdf9a58,0x00000000ece00000)
  to   space 23040K, 0% used [0x00000000ece00000,0x00000000ece00000,0x00000000ee480000)
 ParOldGen       total 96768K, used 92787K [0x0000000080000000, 0x0000000085e80000, 0x00000000d5580000)
  object space 96768K, 95% used [0x0000000080000000,0x0000000085a9cd90,0x0000000085e80000)
 Metaspace       used 77690K, capacity 82674K, committed 82984K, reserved 1120256K
  class space    used 10844K, capacity 11739K, committed 11824K, reserved 1048576K
}
Event: 12.668 GC heap before
{Heap before GC invocations=19 (full 4):
 PSYoungGen      total 385536K, used 36838K [0x00000000d5580000, 0x00000000ef980000, 0x0000000100000000)
  eden space 348672K, 0% used [0x00000000d5580000,0x00000000d5580000,0x00000000eaa00000)
  from space 36864K, 99% used [0x00000000eaa00000,0x00000000ecdf9a58,0x00000000ece00000)
  to   space 23040K, 0% used [0x00000000ece00000,0x00000000ece00000,0x00000000ee480000)
 ParOldGen       total 96768K, used 92787K [0x0000000080000000, 0x0000000085e80000, 0x00000000d5580000)
  object space 96768K, 95% used [0x0000000080000000,0x0000000085a9cd90,0x0000000085e80000)
 Metaspace       used 77690K, capacity 82674K, committed 82984K, reserved 1120256K
  class space    used 10844K, capacity 11739K, committed 11824K, reserved 1048576K
Event: 13.344 GC heap after
Heap after GC invocations=19 (full 4):
 PSYoungGen      total 385536K, used 13515K [0x00000000d5580000, 0x00000000ef980000, 0x0000000100000000)
  eden space 348672K, 0% used [0x00000000d5580000,0x00000000d5580000,0x00000000eaa00000)
  from space 36864K, 36% used [0x00000000eaa00000,0x00000000eb732f50,0x00000000ece00000)
  to   space 23040K, 0% used [0x00000000ece00000,0x00000000ece00000,0x00000000ee480000)
 ParOldGen       total 96768K, used 96346K [0x0000000080000000, 0x0000000085e80000, 0x00000000d5580000)
  object space 96768K, 99% used [0x0000000080000000,0x0000000085e16a78,0x0000000085e80000)
 Metaspace       used 76741K, capacity 80014K, committed 82984K, reserved 1120256K
  class space    used 10525K, capacity 11177K, committed 11824K, reserved 1048576K
}
Event: 14.748 GC heap before
{Heap before GC invocations=20 (full 5):
 PSYoungGen      total 385536K, used 362187K [0x00000000d5580000, 0x00000000ef980000, 0x0000000100000000)
  eden space 348672K, 100% used [0x00000000d5580000,0x00000000eaa00000,0x00000000eaa00000)
  from space 36864K, 36% used [0x00000000eaa00000,0x00000000eb732f50,0x00000000ece00000)
  to   space 23040K, 0% used [0x00000000ece00000,0x00000000ece00000,0x00000000ee480000)
 ParOldGen       total 96768K, used 96346K [0x0000000080000000, 0x0000000085e80000, 0x00000000d5580000)
  object space 96768K, 99% used [0x0000000080000000,0x0000000085e16a78,0x0000000085e80000)
 Metaspace       used 77465K, capacity 80768K, committed 83496K, reserved 1120256K
  class space    used 10552K, capacity 11216K, committed 11824K, reserved 1048576K
Event: 15.319 GC heap after
Heap after GC invocations=20 (full 5):
 PSYoungGen      total 385536K, used 6965K [0x00000000d5580000, 0x00000000ef980000, 0x0000000100000000)
  eden space 348672K, 0% used [0x00000000d5580000,0x00000000d5580000,0x00000000eaa00000)
  from space 36864K, 18% used [0x00000000eaa00000,0x00000000eb0cd498,0x00000000ece00000)
  to   space 23040K, 0% used [0x00000000ece00000,0x00000000ece00000,0x00000000ee480000)
 ParOldGen       total 201216K, used 96466K [0x0000000080000000, 0x000000008c480000, 0x00000000d5580000)
  object space 201216K, 47% used [0x0000000080000000,0x0000000085e34b78,0x000000008c480000)
 Metaspace       used 77465K, capacity 80768K, committed 83496K, reserved 1120256K
  class space    used 10552K, capacity 11216K, committed 11824K, reserved 1048576K
}
Event: 15.892 GC heap before
{Heap before GC invocations=21 (full 5):
 PSYoungGen      total 385536K, used 355637K [0x00000000d5580000, 0x00000000ef980000, 0x0000000100000000)
  eden space 348672K, 100% used [0x00000000d5580000,0x00000000eaa00000,0x00000000eaa00000)
  from space 36864K, 18% used [0x00000000eaa00000,0x00000000eb0cd498,0x00000000ece00000)
  to   space 23040K, 0% used [0x00000000ece00000,0x00000000ece00000,0x00000000ee480000)
 ParOldGen       total 201216K, used 96466K [0x0000000080000000, 0x000000008c480000, 0x00000000d5580000)
  object space 201216K, 47% used [0x0000000080000000,0x0000000085e34b78,0x000000008c480000)
 Metaspace       used 77846K, capacity 81170K, committed 83752K, reserved 1122304K
  class space    used 10579K, capacity 11253K, committed 11824K, reserved 1048576K
Event: 15.923 GC heap after
Heap after GC invocations=21 (full 5):
 PSYoungGen      total 371712K, used 4213K [0x00000000d5580000, 0x00000000ef980000, 0x0000000100000000)
  eden space 348672K, 0% used [0x00000000d5580000,0x00000000d5580000,0x00000000eaa00000)
  from space 23040K, 18% used [0x00000000ece00000,0x00000000ed21d578,0x00000000ee480000)
  to   space 36864K, 0% used [0x00000000eaa00000,0x00000000eaa00000,0x00000000ece00000)
 ParOldGen       total 201216K, used 103056K [0x0000000080000000, 0x000000008c480000, 0x00000000d5580000)
  object space 201216K, 51% used [0x0000000080000000,0x00000000864a4308,0x000000008c480000)
 Metaspace       used 77846K, capacity 81170K, committed 83752K, reserved 1122304K
  class space    used 10579K, capacity 11253K, committed 11824K, reserved 1048576K
}
Event: 16.554 GC heap before
{Heap before GC invocations=22 (full 5):
 PSYoungGen      total 371712K, used 352885K [0x00000000d5580000, 0x00000000ef980000, 0x0000000100000000)
  eden space 348672K, 100% used [0x00000000d5580000,0x00000000eaa00000,0x00000000eaa00000)
  from space 23040K, 18% used [0x00000000ece00000,0x00000000ed21d578,0x00000000ee480000)
  to   space 36864K, 0% used [0x00000000eaa00000,0x00000000eaa00000,0x00000000ece00000)
 ParOldGen       total 201216K, used 104075K [0x0000000080000000, 0x000000008c480000, 0x00000000d5580000)
  object space 201216K, 51% used [0x0000000080000000,0x00000000865a2c60,0x000000008c480000)
 Metaspace       used 78797K, capacity 82390K, committed 84648K, reserved 1122304K
  class space    used 10694K, capacity 11393K, committed 11952K, reserved 1048576K
Event: 16.566 GC heap after
Heap after GC invocations=22 (full 5):
 PSYoungGen      total 385536K, used 12837K [0x00000000d5580000, 0x00000000ef980000, 0x0000000100000000)
  eden space 348672K, 0% used [0x00000000d5580000,0x00000000d5580000,0x00000000eaa00000)
  from space 36864K, 34% used [0x00000000eaa00000,0x00000000eb689628,0x00000000ece00000)
  to   space 23040K, 0% used [0x00000000ece00000,0x00000000ece00000,0x00000000ee480000)
 ParOldGen       total 201216K, used 104083K [0x0000000080000000, 0x000000008c480000, 0x00000000d5580000)
  object space 201216K, 51% used [0x0000000080000000,0x00000000865a4c60,0x000000008c480000)
 Metaspace       used 78797K, capacity 82390K, committed 84648K, reserved 1122304K
  class space    used 10694K, capacity 11393K, committed 11952K, reserved 1048576K
}

