# JRE version: OpenJDK Runtime Environment (8.0_242-b01) (build 1.8.0_242-release-1644-b01)
# Java VM: OpenJDK 64-Bit Server VM (25.242-b01 mixed mode windows-amd64 compressed oops)
Heap:
 PSYoungGen      total 105984K, used 50268K [0x00000000d6300000, 0x00000000e0d80000, 0x0000000100000000)
  eden space 85504K, 34% used [0x00000000d6300000,0x00000000d8019868,0x00000000db680000)
  from space 20480K, 99% used [0x00000000df980000,0x00000000e0d7d8f8,0x00000000e0d80000)
  to   space 17408K, 0% used [0x00000000db680000,0x00000000db680000,0x00000000dc780000)
 ParOldGen       total 93696K, used 22088K [0x0000000082800000, 0x0000000088380000, 0x00000000d6300000)
  object space 93696K, 23% used [0x0000000082800000,0x0000000083d92368,0x0000000088380000)
 Metaspace       used 52325K, capacity 53306K, committed 53632K, reserved 1095680K
  class space    used 6172K, capacity 6405K, committed 6528K, reserved 1048576K
GC Heap History (10 events):
Event: 6.358 GC heap before
{Heap before GC invocations=6 (full 1):
 PSYoungGen      total 57856K, used 57830K [0x00000000d6300000, 0x00000000dad00000, 0x0000000100000000)
  eden space 52736K, 100% used [0x00000000d6300000,0x00000000d9680000,0x00000000d9680000)
  from space 5120K, 99% used [0x00000000da800000,0x00000000dacf9980,0x00000000dad00000)
  to   space 5120K, 0% used [0x00000000da300000,0x00000000da300000,0x00000000da800000)
 ParOldGen       total 59392K, used 11001K [0x0000000082800000, 0x0000000086200000, 0x00000000d6300000)
  object space 59392K, 18% used [0x0000000082800000,0x00000000832be618,0x0000000086200000)
 Metaspace       used 32391K, capacity 32857K, committed 33280K, reserved 1079296K
  class space    used 4112K, capacity 4249K, committed 4352K, reserved 1048576K
Event: 6.371 GC heap after
Heap after GC invocations=6 (full 1):
 PSYoungGen      total 70656K, used 5090K [0x00000000d6300000, 0x00000000dd900000, 0x0000000100000000)
  eden space 65536K, 0% used [0x00000000d6300000,0x00000000d6300000,0x00000000da300000)
  from space 5120K, 99% used [0x00000000da300000,0x00000000da7f8918,0x00000000da800000)
  to   space 17920K, 0% used [0x00000000dc780000,0x00000000dc780000,0x00000000dd900000)
 ParOldGen       total 59392K, used 24968K [0x0000000082800000, 0x0000000086200000, 0x00000000d6300000)
  object space 59392K, 42% used [0x0000000082800000,0x00000000840622c0,0x0000000086200000)
 Metaspace       used 32391K, capacity 32857K, committed 33280K, reserved 1079296K
  class space    used 4112K, capacity 4249K, committed 4352K, reserved 1048576K
}
Event: 6.591 GC heap before
{Heap before GC invocations=7 (full 1):
 PSYoungGen      total 70656K, used 14303K [0x00000000d6300000, 0x00000000dd900000, 0x0000000100000000)
  eden space 65536K, 14% used [0x00000000d6300000,0x00000000d6bff588,0x00000000da300000)
  from space 5120K, 99% used [0x00000000da300000,0x00000000da7f8918,0x00000000da800000)
  to   space 17920K, 0% used [0x00000000dc780000,0x00000000dc780000,0x00000000dd900000)
 ParOldGen       total 59392K, used 24968K [0x0000000082800000, 0x0000000086200000, 0x00000000d6300000)
  object space 59392K, 42% used [0x0000000082800000,0x00000000840622c0,0x0000000086200000)
 Metaspace       used 34842K, capacity 35332K, committed 35496K, reserved 1081344K
  class space    used 4449K, capacity 4590K, committed 4608K, reserved 1048576K
Event: 6.597 GC heap after
Heap after GC invocations=7 (full 1):
 PSYoungGen      total 103424K, used 7505K [0x00000000d6300000, 0x00000000df000000, 0x0000000100000000)
  eden space 85504K, 0% used [0x00000000d6300000,0x00000000d6300000,0x00000000db680000)
  from space 17920K, 41% used [0x00000000dc780000,0x00000000dced4548,0x00000000dd900000)
  to   space 17408K, 0% used [0x00000000db680000,0x00000000db680000,0x00000000dc780000)
 ParOldGen       total 59392K, used 25029K [0x0000000082800000, 0x0000000086200000, 0x00000000d6300000)
  object space 59392K, 42% used [0x0000000082800000,0x0000000084071720,0x0000000086200000)
 Metaspace       used 34842K, capacity 35332K, committed 35496K, reserved 1081344K
  class space    used 4449K, capacity 4590K, committed 4608K, reserved 1048576K
}
Event: 6.597 GC heap before
{Heap before GC invocations=8 (full 2):
 PSYoungGen      total 103424K, used 7505K [0x00000000d6300000, 0x00000000df000000, 0x0000000100000000)
  eden space 85504K, 0% used [0x00000000d6300000,0x00000000d6300000,0x00000000db680000)
  from space 17920K, 41% used [0x00000000dc780000,0x00000000dced4548,0x00000000dd900000)
  to   space 17408K, 0% used [0x00000000db680000,0x00000000db680000,0x00000000dc780000)
 ParOldGen       total 59392K, used 25029K [0x0000000082800000, 0x0000000086200000, 0x00000000d6300000)
  object space 59392K, 42% used [0x0000000082800000,0x0000000084071720,0x0000000086200000)
 Metaspace       used 34842K, capacity 35332K, committed 35496K, reserved 1081344K
  class space    used 4449K, capacity 4590K, committed 4608K, reserved 1048576K
Event: 6.651 GC heap after
Heap after GC invocations=8 (full 2):
 PSYoungGen      total 103424K, used 0K [0x00000000d6300000, 0x00000000df000000, 0x0000000100000000)
  eden space 85504K, 0% used [0x00000000d6300000,0x00000000d6300000,0x00000000db680000)
  from space 17920K, 0% used [0x00000000dc780000,0x00000000dc780000,0x00000000dd900000)
  to   space 17408K, 0% used [0x00000000db680000,0x00000000db680000,0x00000000dc780000)
 ParOldGen       total 93696K, used 17471K [0x0000000082800000, 0x0000000088380000, 0x00000000d6300000)
  object space 93696K, 18% used [0x0000000082800000,0x000000008390fe48,0x0000000088380000)
 Metaspace       used 34842K, capacity 35332K, committed 35496K, reserved 1081344K
  class space    used 4449K, capacity 4590K, committed 4608K, reserved 1048576K
}
Event: 7.922 GC heap before
{Heap before GC invocations=9 (full 2):
 PSYoungGen      total 103424K, used 85504K [0x00000000d6300000, 0x00000000df000000, 0x0000000100000000)
  eden space 85504K, 100% used [0x00000000d6300000,0x00000000db680000,0x00000000db680000)
  from space 17920K, 0% used [0x00000000dc780000,0x00000000dc780000,0x00000000dd900000)
  to   space 17408K, 0% used [0x00000000db680000,0x00000000db680000,0x00000000dc780000)
 ParOldGen       total 93696K, used 17471K [0x0000000082800000, 0x0000000088380000, 0x00000000d6300000)
  object space 93696K, 18% used [0x0000000082800000,0x000000008390fe48,0x0000000088380000)
 Metaspace       used 40744K, capacity 41340K, committed 41600K, reserved 1085440K
  class space    used 5023K, capacity 5172K, committed 5248K, reserved 1048576K
Event: 7.939 GC heap after
Heap after GC invocations=9 (full 2):
 PSYoungGen      total 102912K, used 17383K [0x00000000d6300000, 0x00000000e0d80000, 0x0000000100000000)
  eden space 85504K, 0% used [0x00000000d6300000,0x00000000d6300000,0x00000000db680000)
  from space 17408K, 99% used [0x00000000db680000,0x00000000dc779ef0,0x00000000dc780000)
  to   space 20480K, 0% used [0x00000000df980000,0x00000000df980000,0x00000000e0d80000)
 ParOldGen       total 93696K, used 17763K [0x0000000082800000, 0x0000000088380000, 0x00000000d6300000)
  object space 93696K, 18% used [0x0000000082800000,0x0000000083958c50,0x0000000088380000)
 Metaspace       used 40744K, capacity 41340K, committed 41600K, reserved 1085440K
  class space    used 5023K, capacity 5172K, committed 5248K, reserved 1048576K
}
Event: 9.569 GC heap before
{Heap before GC invocations=10 (full 2):
 PSYoungGen      total 102912K, used 102887K [0x00000000d6300000, 0x00000000e0d80000, 0x0000000100000000)
  eden space 85504K, 100% used [0x00000000d6300000,0x00000000db680000,0x00000000db680000)
  from space 17408K, 99% used [0x00000000db680000,0x00000000dc779ef0,0x00000000dc780000)
  to   space 20480K, 0% used [0x00000000df980000,0x00000000df980000,0x00000000e0d80000)
 ParOldGen       total 93696K, used 17763K [0x0000000082800000, 0x0000000088380000, 0x00000000d6300000)
  object space 93696K, 18% used [0x0000000082800000,0x0000000083958c50,0x0000000088380000)
 Metaspace       used 47394K, capacity 48206K, committed 48384K, reserved 1091584K
  class space    used 5678K, capacity 5843K, committed 5888K, reserved 1048576K
Event: 9.588 GC heap after
Heap after GC invocations=10 (full 2):
 PSYoungGen      total 105984K, used 20470K [0x00000000d6300000, 0x00000000e0d80000, 0x0000000100000000)
  eden space 85504K, 0% used [0x00000000d6300000,0x00000000d6300000,0x00000000db680000)
  from space 20480K, 99% used [0x00000000df980000,0x00000000e0d7d8f8,0x00000000e0d80000)
  to   space 17408K, 0% used [0x00000000db680000,0x00000000db680000,0x00000000dc780000)
 ParOldGen       total 93696K, used 22088K [0x0000000082800000, 0x0000000088380000, 0x00000000d6300000)
  object space 93696K, 23% used [0x0000000082800000,0x0000000083d92368,0x0000000088380000)
 Metaspace       used 47394K, capacity 48206K, committed 48384K, reserved 1091584K
  class space    used 5678K, capacity 5843K, committed 5888K, reserved 1048576K
}

