# JRE version: OpenJDK Runtime Environment (8.0_242-b01) (build 1.8.0_242-release-1644-b01)
# Java VM: OpenJDK 64-Bit Server VM (25.242-b01 mixed mode windows-amd64 compressed oops)
Heap:
 PSYoungGen      total 381952K, used 297231K [0x00000000d5580000, 0x00000000f3080000, 0x0000000100000000)
  eden space 350208K, 84% used [0x00000000d5580000,0x00000000e77c3d90,0x00000000eab80000)
  from space 31744K, 0% used [0x00000000eab80000,0x00000000eab80000,0x00000000eca80000)
  to   space 40960K, 0% used [0x00000000f0880000,0x00000000f0880000,0x00000000f3080000)
 ParOldGen       total 205824K, used 81573K [0x0000000080000000, 0x000000008c900000, 0x00000000d5580000)
  object space 205824K, 39% used [0x0000000080000000,0x0000000084fa9520,0x000000008c900000)
 Metaspace       used 96945K, capacity 101296K, committed 102296K, reserved 1138688K
  class space    used 12672K, capacity 13534K, committed 13744K, reserved 1048576K
GC Heap History (10 events):
Event: 8.104 GC heap before
{Heap before GC invocations=13 (full 3):
 PSYoungGen      total 312320K, used 18418K [0x00000000d5580000, 0x00000000ea400000, 0x0000000100000000)
  eden space 293888K, 0% used [0x00000000d5580000,0x00000000d5580000,0x00000000e7480000)
  from space 18432K, 99% used [0x00000000e8b00000,0x00000000e9cfc8b0,0x00000000e9d00000)
  to   space 23040K, 0% used [0x00000000e7480000,0x00000000e7480000,0x00000000e8b00000)
 ParOldGen       total 77824K, used 26506K [0x0000000080000000, 0x0000000084c00000, 0x00000000d5580000)
  object space 77824K, 34% used [0x0000000080000000,0x00000000819e2928,0x0000000084c00000)
 Metaspace       used 56933K, capacity 59152K, committed 59160K, reserved 1099776K
  class space    used 7491K, capacity 7976K, committed 7984K, reserved 1048576K
Event: 8.332 GC heap after
Heap after GC invocations=13 (full 3):
 PSYoungGen      total 312320K, used 0K [0x00000000d5580000, 0x00000000ea400000, 0x0000000100000000)
  eden space 293888K, 0% used [0x00000000d5580000,0x00000000d5580000,0x00000000e7480000)
  from space 18432K, 0% used [0x00000000e8b00000,0x00000000e8b00000,0x00000000e9d00000)
  to   space 23040K, 0% used [0x00000000e7480000,0x00000000e7480000,0x00000000e8b00000)
 ParOldGen       total 121344K, used 36418K [0x0000000080000000, 0x0000000087680000, 0x00000000d5580000)
  object space 121344K, 30% used [0x0000000080000000,0x0000000082390ba0,0x0000000087680000)
 Metaspace       used 56835K, capacity 58850K, committed 59160K, reserved 1099776K
  class space    used 7466K, capacity 7939K, committed 7984K, reserved 1048576K
}
Event: 16.439 GC heap before
{Heap before GC invocations=14 (full 3):
 PSYoungGen      total 312320K, used 293888K [0x00000000d5580000, 0x00000000ea400000, 0x0000000100000000)
  eden space 293888K, 100% used [0x00000000d5580000,0x00000000e7480000,0x00000000e7480000)
  from space 18432K, 0% used [0x00000000e8b00000,0x00000000e8b00000,0x00000000e9d00000)
  to   space 23040K, 0% used [0x00000000e7480000,0x00000000e7480000,0x00000000e8b00000)
 ParOldGen       total 121344K, used 36418K [0x0000000080000000, 0x0000000087680000, 0x00000000d5580000)
  object space 121344K, 30% used [0x0000000080000000,0x0000000082390ba0,0x0000000087680000)
 Metaspace       used 73181K, capacity 76280K, committed 76568K, reserved 1116160K
  class space    used 9854K, capacity 10418K, committed 10544K, reserved 1048576K
Event: 16.464 GC heap after
Heap after GC invocations=14 (full 3):
 PSYoungGen      total 316928K, used 23035K [0x00000000d5580000, 0x00000000eeb80000, 0x0000000100000000)
  eden space 293888K, 0% used [0x00000000d5580000,0x00000000d5580000,0x00000000e7480000)
  from space 23040K, 99% used [0x00000000e7480000,0x00000000e8afed88,0x00000000e8b00000)
  to   space 28160K, 0% used [0x00000000ed000000,0x00000000ed000000,0x00000000eeb80000)
 ParOldGen       total 121344K, used 41689K [0x0000000080000000, 0x0000000087680000, 0x00000000d5580000)
  object space 121344K, 34% used [0x0000000080000000,0x00000000828b6488,0x0000000087680000)
 Metaspace       used 73181K, capacity 76280K, committed 76568K, reserved 1116160K
  class space    used 9854K, capacity 10418K, committed 10544K, reserved 1048576K
}
Event: 29.826 GC heap before
{Heap before GC invocations=15 (full 3):
 PSYoungGen      total 316928K, used 316920K [0x00000000d5580000, 0x00000000eeb80000, 0x0000000100000000)
  eden space 293888K, 99% used [0x00000000d5580000,0x00000000e747f300,0x00000000e7480000)
  from space 23040K, 99% used [0x00000000e7480000,0x00000000e8afed88,0x00000000e8b00000)
  to   space 28160K, 0% used [0x00000000ed000000,0x00000000ed000000,0x00000000eeb80000)
 ParOldGen       total 121344K, used 41689K [0x0000000080000000, 0x0000000087680000, 0x00000000d5580000)
  object space 121344K, 34% used [0x0000000080000000,0x00000000828b6488,0x0000000087680000)
 Metaspace       used 84917K, capacity 89294K, committed 89496K, reserved 1126400K
  class space    used 11381K, capacity 12142K, committed 12208K, reserved 1048576K
Event: 29.860 GC heap after
Heap after GC invocations=15 (full 3):
 PSYoungGen      total 376320K, used 25976K [0x00000000d5580000, 0x00000000ee980000, 0x0000000100000000)
  eden space 350208K, 0% used [0x00000000d5580000,0x00000000d5580000,0x00000000eab80000)
  from space 26112K, 99% used [0x00000000ed000000,0x00000000ee95e328,0x00000000ee980000)
  to   space 31744K, 0% used [0x00000000eab80000,0x00000000eab80000,0x00000000eca80000)
 ParOldGen       total 121344K, used 59731K [0x0000000080000000, 0x0000000087680000, 0x00000000d5580000)
  object space 121344K, 49% used [0x0000000080000000,0x0000000083a54e28,0x0000000087680000)
 Metaspace       used 84917K, capacity 89294K, committed 89496K, reserved 1126400K
  class space    used 11381K, capacity 12142K, committed 12208K, reserved 1048576K
}
Event: 866.274 GC heap before
{Heap before GC invocations=16 (full 3):
 PSYoungGen      total 376320K, used 278410K [0x00000000d5580000, 0x00000000ee980000, 0x0000000100000000)
  eden space 350208K, 72% used [0x00000000d5580000,0x00000000e4c04738,0x00000000eab80000)
  from space 26112K, 99% used [0x00000000ed000000,0x00000000ee95e328,0x00000000ee980000)
  to   space 31744K, 0% used [0x00000000eab80000,0x00000000eab80000,0x00000000eca80000)
 ParOldGen       total 121344K, used 59731K [0x0000000080000000, 0x0000000087680000, 0x00000000d5580000)
  object space 121344K, 49% used [0x0000000080000000,0x0000000083a54e28,0x0000000087680000)
 Metaspace       used 93372K, capacity 98400K, committed 98584K, reserved 1134592K
  class space    used 12315K, capacity 13236K, committed 13360K, reserved 1048576K
Event: 866.309 GC heap after
Heap after GC invocations=16 (full 3):
 PSYoungGen      total 381952K, used 31727K [0x00000000d5580000, 0x00000000f3080000, 0x0000000100000000)
  eden space 350208K, 0% used [0x00000000d5580000,0x00000000d5580000,0x00000000eab80000)
  from space 31744K, 99% used [0x00000000eab80000,0x00000000eca7bdf8,0x00000000eca80000)
  to   space 40960K, 0% used [0x00000000f0880000,0x00000000f0880000,0x00000000f3080000)
 ParOldGen       total 121344K, used 71697K [0x0000000080000000, 0x0000000087680000, 0x00000000d5580000)
  object space 121344K, 59% used [0x0000000080000000,0x0000000084604748,0x0000000087680000)
 Metaspace       used 93372K, capacity 98400K, committed 98584K, reserved 1134592K
  class space    used 12315K, capacity 13236K, committed 13360K, reserved 1048576K
}
Event: 866.309 GC heap before
{Heap before GC invocations=17 (full 4):
 PSYoungGen      total 381952K, used 31727K [0x00000000d5580000, 0x00000000f3080000, 0x0000000100000000)
  eden space 350208K, 0% used [0x00000000d5580000,0x00000000d5580000,0x00000000eab80000)
  from space 31744K, 99% used [0x00000000eab80000,0x00000000eca7bdf8,0x00000000eca80000)
  to   space 40960K, 0% used [0x00000000f0880000,0x00000000f0880000,0x00000000f3080000)
 ParOldGen       total 121344K, used 71697K [0x0000000080000000, 0x0000000087680000, 0x00000000d5580000)
  object space 121344K, 59% used [0x0000000080000000,0x0000000084604748,0x0000000087680000)
 Metaspace       used 93372K, capacity 98400K, committed 98584K, reserved 1134592K
  class space    used 12315K, capacity 13236K, committed 13360K, reserved 1048576K
Event: 866.525 GC heap after
Heap after GC invocations=17 (full 4):
 PSYoungGen      total 381952K, used 0K [0x00000000d5580000, 0x00000000f3080000, 0x0000000100000000)
  eden space 350208K, 0% used [0x00000000d5580000,0x00000000d5580000,0x00000000eab80000)
  from space 31744K, 0% used [0x00000000eab80000,0x00000000eab80000,0x00000000eca80000)
  to   space 40960K, 0% used [0x00000000f0880000,0x00000000f0880000,0x00000000f3080000)
 ParOldGen       total 205824K, used 81573K [0x0000000080000000, 0x000000008c900000, 0x00000000d5580000)
  object space 205824K, 39% used [0x0000000080000000,0x0000000084fa9520,0x000000008c900000)
 Metaspace       used 92879K, capacity 96960K, committed 98584K, reserved 1134592K
  class space    used 12156K, capacity 12956K, committed 13360K, reserved 1048576K
}

