# JRE version: OpenJDK Runtime Environment (8.0_242-b01) (build 1.8.0_242-release-1644-b01)
# Java VM: OpenJDK 64-Bit Server VM (25.242-b01 mixed mode windows-amd64 compressed oops)
Heap:
 PSYoungGen      total 339456K, used 230537K [0x00000000d5580000, 0x00000000f3e80000, 0x0000000100000000)
  eden space 303616K, 76% used [0x00000000d5580000,0x00000000e37628d8,0x00000000e7e00000)
  from space 35840K, 0% used [0x00000000e7e00000,0x00000000e7e00000,0x00000000ea100000)
  to   space 53248K, 0% used [0x00000000f0a80000,0x00000000f0a80000,0x00000000f3e80000)
 ParOldGen       total 108032K, used 101534K [0x0000000080000000, 0x0000000086980000, 0x00000000d5580000)
  object space 108032K, 93% used [0x0000000080000000,0x0000000086327bc0,0x0000000086980000)
 Metaspace       used 79553K, capacity 83196K, committed 86040K, reserved 1124352K
  class space    used 10718K, capacity 11438K, committed 12080K, reserved 1048576K
GC Heap History (10 events):
Event: 38.320 GC heap before
{Heap before GC invocations=44 (full 29):
 PSYoungGen      total 339456K, used 303616K [0x00000000d5580000, 0x00000000f3e80000, 0x0000000100000000)
  eden space 303616K, 100% used [0x00000000d5580000,0x00000000e7e00000,0x00000000e7e00000)
  from space 35840K, 0% used [0x00000000e7e00000,0x00000000e7e00000,0x00000000ea100000)
  to   space 53248K, 0% used [0x00000000f0a80000,0x00000000f0a80000,0x00000000f3e80000)
 ParOldGen       total 105984K, used 90275K [0x0000000080000000, 0x0000000086780000, 0x00000000d5580000)
  object space 105984K, 85% used [0x0000000080000000,0x0000000085828f28,0x0000000086780000)
 Metaspace       used 79527K, capacity 83196K, committed 86040K, reserved 1124352K
  class space    used 10718K, capacity 11438K, committed 12080K, reserved 1048576K
Event: 38.695 GC heap after
Heap after GC invocations=44 (full 29):
 PSYoungGen      total 339456K, used 0K [0x00000000d5580000, 0x00000000f3e80000, 0x0000000100000000)
  eden space 303616K, 0% used [0x00000000d5580000,0x00000000d5580000,0x00000000e7e00000)
  from space 35840K, 0% used [0x00000000e7e00000,0x00000000e7e00000,0x00000000ea100000)
  to   space 53248K, 0% used [0x00000000f0a80000,0x00000000f0a80000,0x00000000f3e80000)
 ParOldGen       total 105984K, used 104866K [0x0000000080000000, 0x0000000086780000, 0x00000000d5580000)
  object space 105984K, 98% used [0x0000000080000000,0x0000000086668a50,0x0000000086780000)
 Metaspace       used 79527K, capacity 83196K, committed 86040K, reserved 1124352K
  class space    used 10718K, capacity 11438K, committed 12080K, reserved 1048576K
}
Event: 39.108 GC heap before
{Heap before GC invocations=45 (full 30):
 PSYoungGen      total 339456K, used 303616K [0x00000000d5580000, 0x00000000f3e80000, 0x0000000100000000)
  eden space 303616K, 100% used [0x00000000d5580000,0x00000000e7e00000,0x00000000e7e00000)
  from space 35840K, 0% used [0x00000000e7e00000,0x00000000e7e00000,0x00000000ea100000)
  to   space 53248K, 0% used [0x00000000f0a80000,0x00000000f0a80000,0x00000000f3e80000)
 ParOldGen       total 105984K, used 104866K [0x0000000080000000, 0x0000000086780000, 0x00000000d5580000)
  object space 105984K, 98% used [0x0000000080000000,0x0000000086668a50,0x0000000086780000)
 Metaspace       used 79530K, capacity 83196K, committed 86040K, reserved 1124352K
  class space    used 10718K, capacity 11438K, committed 12080K, reserved 1048576K
Event: 40.025 GC heap after
Heap after GC invocations=45 (full 30):
 PSYoungGen      total 339456K, used 2200K [0x00000000d5580000, 0x00000000f3e80000, 0x0000000100000000)
  eden space 303616K, 0% used [0x00000000d5580000,0x00000000d57a6390,0x00000000e7e00000)
  from space 35840K, 0% used [0x00000000e7e00000,0x00000000e7e00000,0x00000000ea100000)
  to   space 53248K, 0% used [0x00000000f0a80000,0x00000000f0a80000,0x00000000f3e80000)
 ParOldGen       total 105984K, used 105979K [0x0000000080000000, 0x0000000086780000, 0x00000000d5580000)
  object space 105984K, 99% used [0x0000000080000000,0x000000008677ec50,0x0000000086780000)
 Metaspace       used 79530K, capacity 83196K, committed 86040K, reserved 1124352K
  class space    used 10718K, capacity 11438K, committed 12080K, reserved 1048576K
}
Event: 40.824 GC heap before
{Heap before GC invocations=46 (full 31):
 PSYoungGen      total 339456K, used 303616K [0x00000000d5580000, 0x00000000f3e80000, 0x0000000100000000)
  eden space 303616K, 100% used [0x00000000d5580000,0x00000000e7e00000,0x00000000e7e00000)
  from space 35840K, 0% used [0x00000000e7e00000,0x00000000e7e00000,0x00000000ea100000)
  to   space 53248K, 0% used [0x00000000f0a80000,0x00000000f0a80000,0x00000000f3e80000)
 ParOldGen       total 108032K, used 107944K [0x0000000080000000, 0x0000000086980000, 0x00000000d5580000)
  object space 108032K, 99% used [0x0000000080000000,0x000000008696a380,0x0000000086980000)
 Metaspace       used 79547K, capacity 83196K, committed 86040K, reserved 1124352K
  class space    used 10718K, capacity 11438K, committed 12080K, reserved 1048576K
Event: 42.168 GC heap after
Heap after GC invocations=46 (full 31):
 PSYoungGen      total 339456K, used 3459K [0x00000000d5580000, 0x00000000f3e80000, 0x0000000100000000)
  eden space 303616K, 1% used [0x00000000d5580000,0x00000000d58e0e68,0x00000000e7e00000)
  from space 35840K, 0% used [0x00000000e7e00000,0x00000000e7e00000,0x00000000ea100000)
  to   space 53248K, 0% used [0x00000000f0a80000,0x00000000f0a80000,0x00000000f3e80000)
 ParOldGen       total 108032K, used 107848K [0x0000000080000000, 0x0000000086980000, 0x00000000d5580000)
  object space 108032K, 99% used [0x0000000080000000,0x0000000086952158,0x0000000086980000)
 Metaspace       used 79547K, capacity 83196K, committed 86040K, reserved 1124352K
  class space    used 10718K, capacity 11438K, committed 12080K, reserved 1048576K
}
Event: 42.853 GC heap before
{Heap before GC invocations=47 (full 32):
 PSYoungGen      total 339456K, used 303616K [0x00000000d5580000, 0x00000000f3e80000, 0x0000000100000000)
  eden space 303616K, 100% used [0x00000000d5580000,0x00000000e7e00000,0x00000000e7e00000)
  from space 35840K, 0% used [0x00000000e7e00000,0x00000000e7e00000,0x00000000ea100000)
  to   space 53248K, 0% used [0x00000000f0a80000,0x00000000f0a80000,0x00000000f3e80000)
 ParOldGen       total 108032K, used 107852K [0x0000000080000000, 0x0000000086980000, 0x00000000d5580000)
  object space 108032K, 99% used [0x0000000080000000,0x0000000086953048,0x0000000086980000)
 Metaspace       used 79550K, capacity 83196K, committed 86040K, reserved 1124352K
  class space    used 10718K, capacity 11438K, committed 12080K, reserved 1048576K
Event: 43.570 GC heap after
Heap after GC invocations=47 (full 32):
 PSYoungGen      total 339456K, used 11432K [0x00000000d5580000, 0x00000000f3e80000, 0x0000000100000000)
  eden space 303616K, 3% used [0x00000000d5580000,0x00000000d60aa318,0x00000000e7e00000)
  from space 35840K, 0% used [0x00000000e7e00000,0x00000000e7e00000,0x00000000ea100000)
  to   space 53248K, 0% used [0x00000000f0a80000,0x00000000f0a80000,0x00000000f3e80000)
 ParOldGen       total 108032K, used 107578K [0x0000000080000000, 0x0000000086980000, 0x00000000d5580000)
  object space 108032K, 99% used [0x0000000080000000,0x000000008690eab8,0x0000000086980000)
 Metaspace       used 79550K, capacity 83196K, committed 86040K, reserved 1124352K
  class space    used 10718K, capacity 11438K, committed 12080K, reserved 1048576K
}
Event: 44.036 GC heap before
{Heap before GC invocations=48 (full 33):
 PSYoungGen      total 339456K, used 303616K [0x00000000d5580000, 0x00000000f3e80000, 0x0000000100000000)
  eden space 303616K, 100% used [0x00000000d5580000,0x00000000e7e00000,0x00000000e7e00000)
  from space 35840K, 0% used [0x00000000e7e00000,0x00000000e7e00000,0x00000000ea100000)
  to   space 53248K, 0% used [0x00000000f0a80000,0x00000000f0a80000,0x00000000f3e80000)
 ParOldGen       total 108032K, used 107578K [0x0000000080000000, 0x0000000086980000, 0x00000000d5580000)
  object space 108032K, 99% used [0x0000000080000000,0x000000008690eab8,0x0000000086980000)
 Metaspace       used 79550K, capacity 83196K, committed 86040K, reserved 1124352K
  class space    used 10718K, capacity 11438K, committed 12080K, reserved 1048576K
Event: 44.480 GC heap after
Heap after GC invocations=48 (full 33):
 PSYoungGen      total 339456K, used 0K [0x00000000d5580000, 0x00000000f3e80000, 0x0000000100000000)
  eden space 303616K, 0% used [0x00000000d5580000,0x00000000d5580000,0x00000000e7e00000)
  from space 35840K, 0% used [0x00000000e7e00000,0x00000000e7e00000,0x00000000ea100000)
  to   space 53248K, 0% used [0x00000000f0a80000,0x00000000f0a80000,0x00000000f3e80000)
 ParOldGen       total 108032K, used 101534K [0x0000000080000000, 0x0000000086980000, 0x00000000d5580000)
  object space 108032K, 93% used [0x0000000080000000,0x0000000086327bc0,0x0000000086980000)
 Metaspace       used 79550K, capacity 83196K, committed 86040K, reserved 1124352K
  class space    used 10718K, capacity 11438K, committed 12080K, reserved 1048576K
}

