# JRE version: OpenJDK Runtime Environment (8.0_242-b01) (build 1.8.0_242-release-1644-b01)
# Java VM: OpenJDK 64-Bit Server VM (25.242-b01 mixed mode windows-amd64 compressed oops)
Heap:
 PSYoungGen      total 602112K, used 516804K [0x00000000d5580000, 0x00000000ffd80000, 0x0000000100000000)
  eden space 536064K, 94% used [0x00000000d5580000,0x00000000f45a5028,0x00000000f6100000)
  from space 66048K, 13% used [0x00000000f6100000,0x00000000f698c070,0x00000000fa180000)
  to   space 61952K, 0% used [0x00000000fc100000,0x00000000fc100000,0x00000000ffd80000)
 ParOldGen       total 186368K, used 105355K [0x0000000080000000, 0x000000008b600000, 0x00000000d5580000)
  object space 186368K, 56% used [0x0000000080000000,0x00000000866e2f20,0x000000008b600000)
 Metaspace       used 115588K, capacity 122092K, committed 122416K, reserved 1155072K
  class space    used 14914K, capacity 16096K, committed 16176K, reserved 1048576K
GC Heap History (10 events):
Event: 2762.048 GC heap before
{Heap before GC invocations=29 (full 4):
 PSYoungGen      total 504320K, used 504316K [0x00000000d5580000, 0x00000000fb180000, 0x0000000100000000)
  eden space 457216K, 100% used [0x00000000d5580000,0x00000000f1400000,0x00000000f1400000)
  from space 47104K, 99% used [0x00000000f8380000,0x00000000fb17f370,0x00000000fb180000)
  to   space 43520K, 0% used [0x00000000f1400000,0x00000000f1400000,0x00000000f3e80000)
 ParOldGen       total 186368K, used 65795K [0x0000000080000000, 0x000000008b600000, 0x00000000d5580000)
  object space 186368K, 35% used [0x0000000080000000,0x0000000084040f18,0x000000008b600000)
 Metaspace       used 113959K, capacity 120218K, committed 120496K, reserved 1153024K
  class space    used 14791K, capacity 15961K, committed 16048K, reserved 1048576K
Event: 2762.073 GC heap after
Heap after GC invocations=29 (full 4):
 PSYoungGen      total 500736K, used 42688K [0x00000000d5580000, 0x00000000fdc80000, 0x0000000100000000)
  eden space 457216K, 0% used [0x00000000d5580000,0x00000000d5580000,0x00000000f1400000)
  from space 43520K, 98% used [0x00000000f1400000,0x00000000f3db0070,0x00000000f3e80000)
  to   space 60416K, 0% used [0x00000000fa180000,0x00000000fa180000,0x00000000fdc80000)
 ParOldGen       total 186368K, used 65803K [0x0000000080000000, 0x000000008b600000, 0x00000000d5580000)
  object space 186368K, 35% used [0x0000000080000000,0x0000000084042f18,0x000000008b600000)
 Metaspace       used 113959K, capacity 120218K, committed 120496K, reserved 1153024K
  class space    used 14791K, capacity 15961K, committed 16048K, reserved 1048576K
}
Event: 2762.792 GC heap before
{Heap before GC invocations=30 (full 4):
 PSYoungGen      total 500736K, used 499904K [0x00000000d5580000, 0x00000000fdc80000, 0x0000000100000000)
  eden space 457216K, 100% used [0x00000000d5580000,0x00000000f1400000,0x00000000f1400000)
  from space 43520K, 98% used [0x00000000f1400000,0x00000000f3db0070,0x00000000f3e80000)
  to   space 60416K, 0% used [0x00000000fa180000,0x00000000fa180000,0x00000000fdc80000)
 ParOldGen       total 186368K, used 65803K [0x0000000080000000, 0x000000008b600000, 0x00000000d5580000)
  object space 186368K, 35% used [0x0000000080000000,0x0000000084042f18,0x000000008b600000)
 Metaspace       used 114376K, capacity 120706K, committed 121008K, reserved 1155072K
  class space    used 14793K, capacity 15963K, committed 16048K, reserved 1048576K
Event: 2762.823 GC heap after
Heap after GC invocations=30 (full 4):
 PSYoungGen      total 596480K, used 48057K [0x00000000d5580000, 0x00000000ff180000, 0x0000000100000000)
  eden space 536064K, 0% used [0x00000000d5580000,0x00000000d5580000,0x00000000f6100000)
  from space 60416K, 79% used [0x00000000fa180000,0x00000000fd06e4f8,0x00000000fdc80000)
  to   space 66048K, 0% used [0x00000000f6100000,0x00000000f6100000,0x00000000fa180000)
 ParOldGen       total 186368K, used 65811K [0x0000000080000000, 0x000000008b600000, 0x00000000d5580000)
  object space 186368K, 35% used [0x0000000080000000,0x0000000084044f18,0x000000008b600000)
 Metaspace       used 114376K, capacity 120706K, committed 121008K, reserved 1155072K
  class space    used 14793K, capacity 15963K, committed 16048K, reserved 1048576K
}
Event: 2763.577 GC heap before
{Heap before GC invocations=31 (full 4):
 PSYoungGen      total 596480K, used 584121K [0x00000000d5580000, 0x00000000ff180000, 0x0000000100000000)
  eden space 536064K, 100% used [0x00000000d5580000,0x00000000f6100000,0x00000000f6100000)
  from space 60416K, 79% used [0x00000000fa180000,0x00000000fd06e4f8,0x00000000fdc80000)
  to   space 66048K, 0% used [0x00000000f6100000,0x00000000f6100000,0x00000000fa180000)
 ParOldGen       total 186368K, used 65811K [0x0000000080000000, 0x000000008b600000, 0x00000000d5580000)
  object space 186368K, 35% used [0x0000000080000000,0x0000000084044f18,0x000000008b600000)
 Metaspace       used 115181K, capacity 121642K, committed 121904K, reserved 1155072K
  class space    used 14877K, capacity 16067K, committed 16176K, reserved 1048576K
Event: 2763.611 GC heap after
Heap after GC invocations=31 (full 4):
 PSYoungGen      total 602112K, used 31946K [0x00000000d5580000, 0x00000000ff180000, 0x0000000100000000)
  eden space 536064K, 0% used [0x00000000d5580000,0x00000000d5580000,0x00000000f6100000)
  from space 66048K, 48% used [0x00000000f6100000,0x00000000f8032938,0x00000000fa180000)
  to   space 60416K, 0% used [0x00000000fa180000,0x00000000fa180000,0x00000000fdc80000)
 ParOldGen       total 186368K, used 81043K [0x0000000080000000, 0x000000008b600000, 0x00000000d5580000)
  object space 186368K, 43% used [0x0000000080000000,0x0000000084f24d78,0x000000008b600000)
 Metaspace       used 115181K, capacity 121642K, committed 121904K, reserved 1155072K
  class space    used 14877K, capacity 16067K, committed 16176K, reserved 1048576K
}
Event: 2764.339 GC heap before
{Heap before GC invocations=32 (full 4):
 PSYoungGen      total 602112K, used 568010K [0x00000000d5580000, 0x00000000ff180000, 0x0000000100000000)
  eden space 536064K, 100% used [0x00000000d5580000,0x00000000f6100000,0x00000000f6100000)
  from space 66048K, 48% used [0x00000000f6100000,0x00000000f8032938,0x00000000fa180000)
  to   space 60416K, 0% used [0x00000000fa180000,0x00000000fa180000,0x00000000fdc80000)
 ParOldGen       total 186368K, used 81043K [0x0000000080000000, 0x000000008b600000, 0x00000000d5580000)
  object space 186368K, 43% used [0x0000000080000000,0x0000000084f24d78,0x000000008b600000)
 Metaspace       used 115535K, capacity 122028K, committed 122160K, reserved 1155072K
  class space    used 14914K, capacity 16096K, committed 16176K, reserved 1048576K
Event: 2764.365 GC heap after
Heap after GC invocations=32 (full 4):
 PSYoungGen      total 596480K, used 13330K [0x00000000d5580000, 0x00000000ff180000, 0x0000000100000000)
  eden space 536064K, 0% used [0x00000000d5580000,0x00000000d5580000,0x00000000f6100000)
  from space 60416K, 22% used [0x00000000fa180000,0x00000000fae84b08,0x00000000fdc80000)
  to   space 66048K, 0% used [0x00000000f6100000,0x00000000f6100000,0x00000000fa180000)
 ParOldGen       total 186368K, used 96563K [0x0000000080000000, 0x000000008b600000, 0x00000000d5580000)
  object space 186368K, 51% used [0x0000000080000000,0x0000000085e4ce50,0x000000008b600000)
 Metaspace       used 115535K, capacity 122028K, committed 122160K, reserved 1155072K
  class space    used 14914K, capacity 16096K, committed 16176K, reserved 1048576K
}
Event: 2765.035 GC heap before
{Heap before GC invocations=33 (full 4):
 PSYoungGen      total 596480K, used 549394K [0x00000000d5580000, 0x00000000ff180000, 0x0000000100000000)
  eden space 536064K, 100% used [0x00000000d5580000,0x00000000f6100000,0x00000000f6100000)
  from space 60416K, 22% used [0x00000000fa180000,0x00000000fae84b08,0x00000000fdc80000)
  to   space 66048K, 0% used [0x00000000f6100000,0x00000000f6100000,0x00000000fa180000)
 ParOldGen       total 186368K, used 96563K [0x0000000080000000, 0x000000008b600000, 0x00000000d5580000)
  object space 186368K, 51% used [0x0000000080000000,0x0000000085e4ce50,0x000000008b600000)
 Metaspace       used 115556K, capacity 122092K, committed 122416K, reserved 1155072K
  class space    used 14914K, capacity 16096K, committed 16176K, reserved 1048576K
Event: 2765.056 GC heap after
Heap after GC invocations=33 (full 4):
 PSYoungGen      total 602112K, used 8752K [0x00000000d5580000, 0x00000000ffd80000, 0x0000000100000000)
  eden space 536064K, 0% used [0x00000000d5580000,0x00000000d5580000,0x00000000f6100000)
  from space 66048K, 13% used [0x00000000f6100000,0x00000000f698c070,0x00000000fa180000)
  to   space 61952K, 0% used [0x00000000fc100000,0x00000000fc100000,0x00000000ffd80000)
 ParOldGen       total 186368K, used 105355K [0x0000000080000000, 0x000000008b600000, 0x00000000d5580000)
  object space 186368K, 56% used [0x0000000080000000,0x00000000866e2f20,0x000000008b600000)
 Metaspace       used 115556K, capacity 122092K, committed 122416K, reserved 1155072K
  class space    used 14914K, capacity 16096K, committed 16176K, reserved 1048576K
}

