# JRE version: OpenJDK Runtime Environment (8.0_242-b01) (build 1.8.0_242-release-1644-b01)
# Java VM: OpenJDK 64-Bit Server VM (25.242-b01 mixed mode windows-amd64 compressed oops)
Heap:
 PSYoungGen      total 661504K, used 157552K [0x00000000d5580000, 0x00000000fff80000, 0x0000000100000000)
  eden space 623616K, 25% used [0x00000000d5580000,0x00000000def5c2a8,0x00000000fb680000)
  from space 37888K, 0% used [0x00000000fda80000,0x00000000fda80000,0x00000000fff80000)
  to   space 36864K, 0% used [0x00000000fb680000,0x00000000fb680000,0x00000000fda80000)
 ParOldGen       total 204288K, used 55521K [0x0000000080000000, 0x000000008c780000, 0x00000000d5580000)
  object space 204288K, 27% used [0x0000000080000000,0x0000000083638470,0x000000008c780000)
 Metaspace       used 101230K, capacity 105912K, committed 108056K, reserved 1142784K
  class space    used 13133K, capacity 13944K, committed 14384K, reserved 1048576K
GC Heap History (10 events):
Event: 551.702 GC heap before
{Heap before GC invocations=29 (full 4):
 PSYoungGen      total 654336K, used 622980K [0x00000000d5580000, 0x00000000ffc00000, 0x0000000100000000)
  eden space 613888K, 100% used [0x00000000d5580000,0x00000000fad00000,0x00000000fad00000)
  from space 40448K, 22% used [0x00000000fd380000,0x00000000fdc61230,0x00000000ffb00000)
  to   space 39424K, 0% used [0x00000000fad00000,0x00000000fad00000,0x00000000fd380000)
 ParOldGen       total 204288K, used 151314K [0x0000000080000000, 0x000000008c780000, 0x00000000d5580000)
  object space 204288K, 74% used [0x0000000080000000,0x00000000893c4bf0,0x000000008c780000)
 Metaspace       used 97157K, capacity 102000K, committed 102296K, reserved 1138688K
  class space    used 12672K, capacity 13578K, committed 13744K, reserved 1048576K
Event: 551.721 GC heap after
Heap after GC invocations=29 (full 4):
 PSYoungGen      total 653312K, used 9354K [0x00000000d5580000, 0x00000000ffd00000, 0x0000000100000000)
  eden space 613888K, 0% used [0x00000000d5580000,0x00000000d5580000,0x00000000fad00000)
  from space 39424K, 23% used [0x00000000fad00000,0x00000000fb622a70,0x00000000fd380000)
  to   space 38400K, 0% used [0x00000000fd780000,0x00000000fd780000,0x00000000ffd00000)
 ParOldGen       total 204288K, used 156818K [0x0000000080000000, 0x000000008c780000, 0x00000000d5580000)
  object space 204288K, 76% used [0x0000000080000000,0x00000000899248c0,0x000000008c780000)
 Metaspace       used 97157K, capacity 102000K, committed 102296K, reserved 1138688K
  class space    used 12672K, capacity 13578K, committed 13744K, reserved 1048576K
}
Event: 554.253 GC heap before
{Heap before GC invocations=30 (full 4):
 PSYoungGen      total 653312K, used 623242K [0x00000000d5580000, 0x00000000ffd00000, 0x0000000100000000)
  eden space 613888K, 100% used [0x00000000d5580000,0x00000000fad00000,0x00000000fad00000)
  from space 39424K, 23% used [0x00000000fad00000,0x00000000fb622a70,0x00000000fd380000)
  to   space 38400K, 0% used [0x00000000fd780000,0x00000000fd780000,0x00000000ffd00000)
 ParOldGen       total 204288K, used 156818K [0x0000000080000000, 0x000000008c780000, 0x00000000d5580000)
  object space 204288K, 76% used [0x0000000080000000,0x00000000899248c0,0x000000008c780000)
 Metaspace       used 97189K, capacity 102006K, committed 102296K, reserved 1138688K
  class space    used 12672K, capacity 13579K, committed 13744K, reserved 1048576K
Event: 554.276 GC heap after
Heap after GC invocations=30 (full 4):
 PSYoungGen      total 657920K, used 11125K [0x00000000d5580000, 0x00000000ffc00000, 0x0000000100000000)
  eden space 620544K, 0% used [0x00000000d5580000,0x00000000d5580000,0x00000000fb380000)
  from space 37376K, 29% used [0x00000000fd780000,0x00000000fe25d540,0x00000000ffc00000)
  to   space 36864K, 0% used [0x00000000fb380000,0x00000000fb380000,0x00000000fd780000)
 ParOldGen       total 204288K, used 156818K [0x0000000080000000, 0x000000008c780000, 0x00000000d5580000)
  object space 204288K, 76% used [0x0000000080000000,0x00000000899248c0,0x000000008c780000)
 Metaspace       used 97189K, capacity 102006K, committed 102296K, reserved 1138688K
  class space    used 12672K, capacity 13579K, committed 13744K, reserved 1048576K
}
Event: 963.176 GC heap before
{Heap before GC invocations=31 (full 4):
 PSYoungGen      total 657920K, used 631669K [0x00000000d5580000, 0x00000000ffc00000, 0x0000000100000000)
  eden space 620544K, 100% used [0x00000000d5580000,0x00000000fb380000,0x00000000fb380000)
  from space 37376K, 29% used [0x00000000fd780000,0x00000000fe25d540,0x00000000ffc00000)
  to   space 36864K, 0% used [0x00000000fb380000,0x00000000fb380000,0x00000000fd780000)
 ParOldGen       total 204288K, used 156818K [0x0000000080000000, 0x000000008c780000, 0x00000000d5580000)
  object space 204288K, 76% used [0x0000000080000000,0x00000000899248c0,0x000000008c780000)
 Metaspace       used 101706K, capacity 107074K, committed 107160K, reserved 1142784K
  class space    used 13294K, capacity 14249K, committed 14256K, reserved 1048576K
Event: 963.215 GC heap after
Heap after GC invocations=31 (full 4):
 PSYoungGen      total 657408K, used 24919K [0x00000000d5580000, 0x0000000100000000, 0x0000000100000000)
  eden space 620544K, 0% used [0x00000000d5580000,0x00000000d5580000,0x00000000fb380000)
  from space 36864K, 67% used [0x00000000fb380000,0x00000000fcbd5e18,0x00000000fd780000)
  to   space 38400K, 0% used [0x00000000fda80000,0x00000000fda80000,0x0000000100000000)
 ParOldGen       total 204288K, used 156826K [0x0000000080000000, 0x000000008c780000, 0x00000000d5580000)
  object space 204288K, 76% used [0x0000000080000000,0x00000000899268c0,0x000000008c780000)
 Metaspace       used 101706K, capacity 107074K, committed 107160K, reserved 1142784K
  class space    used 13294K, capacity 14249K, committed 14256K, reserved 1048576K
}
Event: 4139.361 GC heap before
{Heap before GC invocations=32 (full 4):
 PSYoungGen      total 657408K, used 164579K [0x00000000d5580000, 0x0000000100000000, 0x0000000100000000)
  eden space 620544K, 22% used [0x00000000d5580000,0x00000000ddde3068,0x00000000fb380000)
  from space 36864K, 67% used [0x00000000fb380000,0x00000000fcbd5e18,0x00000000fd780000)
  to   space 38400K, 0% used [0x00000000fda80000,0x00000000fda80000,0x0000000100000000)
 ParOldGen       total 204288K, used 156826K [0x0000000080000000, 0x000000008c780000, 0x00000000d5580000)
  object space 204288K, 76% used [0x0000000080000000,0x00000000899268c0,0x000000008c780000)
 Metaspace       used 102018K, capacity 107572K, committed 107800K, reserved 1142784K
  class space    used 13316K, capacity 14288K, committed 14384K, reserved 1048576K
Event: 4139.452 GC heap after
Heap after GC invocations=32 (full 4):
 PSYoungGen      total 661504K, used 18579K [0x00000000d5580000, 0x00000000fff80000, 0x0000000100000000)
  eden space 623616K, 0% used [0x00000000d5580000,0x00000000d5580000,0x00000000fb680000)
  from space 37888K, 49% used [0x00000000fda80000,0x00000000feca4cb8,0x00000000fff80000)
  to   space 36864K, 0% used [0x00000000fb680000,0x00000000fb680000,0x00000000fda80000)
 ParOldGen       total 204288K, used 156834K [0x0000000080000000, 0x000000008c780000, 0x00000000d5580000)
  object space 204288K, 76% used [0x0000000080000000,0x00000000899288c0,0x000000008c780000)
 Metaspace       used 102018K, capacity 107572K, committed 107800K, reserved 1142784K
  class space    used 13316K, capacity 14288K, committed 14384K, reserved 1048576K
}
Event: 4139.452 GC heap before
{Heap before GC invocations=33 (full 5):
 PSYoungGen      total 661504K, used 18579K [0x00000000d5580000, 0x00000000fff80000, 0x0000000100000000)
  eden space 623616K, 0% used [0x00000000d5580000,0x00000000d5580000,0x00000000fb680000)
  from space 37888K, 49% used [0x00000000fda80000,0x00000000feca4cb8,0x00000000fff80000)
  to   space 36864K, 0% used [0x00000000fb680000,0x00000000fb680000,0x00000000fda80000)
 ParOldGen       total 204288K, used 156834K [0x0000000080000000, 0x000000008c780000, 0x00000000d5580000)
  object space 204288K, 76% used [0x0000000080000000,0x00000000899288c0,0x000000008c780000)
 Metaspace       used 102018K, capacity 107572K, committed 107800K, reserved 1142784K
  class space    used 13316K, capacity 14288K, committed 14384K, reserved 1048576K
Event: 4139.979 GC heap after
Heap after GC invocations=33 (full 5):
 PSYoungGen      total 661504K, used 0K [0x00000000d5580000, 0x00000000fff80000, 0x0000000100000000)
  eden space 623616K, 0% used [0x00000000d5580000,0x00000000d5580000,0x00000000fb680000)
  from space 37888K, 0% used [0x00000000fda80000,0x00000000fda80000,0x00000000fff80000)
  to   space 36864K, 0% used [0x00000000fb680000,0x00000000fb680000,0x00000000fda80000)
 ParOldGen       total 204288K, used 55521K [0x0000000080000000, 0x000000008c780000, 0x00000000d5580000)
  object space 204288K, 27% used [0x0000000080000000,0x0000000083638470,0x000000008c780000)
 Metaspace       used 100663K, capacity 105058K, committed 107800K, reserved 1142784K
  class space    used 13043K, capacity 13800K, committed 14384K, reserved 1048576K
}

