# JRE version: OpenJDK Runtime Environment (8.0_242-b01) (build 1.8.0_242-release-1644-b01)
# Java VM: OpenJDK 64-Bit Server VM (25.242-b01 mixed mode windows-amd64 compressed oops)
Heap:
 PSYoungGen      total 361984K, used 345140K [0x00000000d5580000, 0x00000000efe80000, 0x0000000100000000)
  eden space 310272K, 94% used [0x00000000d5580000,0x00000000e7414580,0x00000000e8480000)
  from space 51712K, 99% used [0x00000000e8480000,0x00000000eb6f8d78,0x00000000eb700000)
  to   space 35328K, 0% used [0x00000000eb700000,0x00000000eb700000,0x00000000ed980000)
 ParOldGen       total 232448K, used 178399K [0x0000000080000000, 0x000000008e300000, 0x00000000d5580000)
  object space 232448K, 76% used [0x0000000080000000,0x000000008ae37d18,0x000000008e300000)
 Metaspace       used 90861K, capacity 95082K, committed 96816K, reserved 1132544K
  class space    used 12403K, capacity 13197K, committed 13616K, reserved 1048576K
GC Heap History (10 events):
Event: 31.453 GC heap before
{Heap before GC invocations=17 (full 3):
 PSYoungGen      total 237056K, used 233985K [0x00000000d5580000, 0x00000000e9200000, 0x0000000100000000)
  eden space 215040K, 100% used [0x00000000d5580000,0x00000000e2780000,0x00000000e2780000)
  from space 22016K, 86% used [0x00000000e2780000,0x00000000e3a00758,0x00000000e3d00000)
  to   space 24576K, 0% used [0x00000000e7a00000,0x00000000e7a00000,0x00000000e9200000)
 ParOldGen       total 112640K, used 32412K [0x0000000080000000, 0x0000000086e00000, 0x00000000d5580000)
  object space 112640K, 28% used [0x0000000080000000,0x0000000081fa72d8,0x0000000086e00000)
 Metaspace       used 74249K, capacity 78022K, committed 78128K, reserved 1116160K
  class space    used 10249K, capacity 10953K, committed 11056K, reserved 1048576K
Event: 31.486 GC heap after
Heap after GC invocations=17 (full 3):
 PSYoungGen      total 290816K, used 24553K [0x00000000d5580000, 0x00000000e9880000, 0x0000000100000000)
  eden space 266240K, 0% used [0x00000000d5580000,0x00000000d5580000,0x00000000e5980000)
  from space 24576K, 99% used [0x00000000e7a00000,0x00000000e91fa530,0x00000000e9200000)
  to   space 32256K, 0% used [0x00000000e5980000,0x00000000e5980000,0x00000000e7900000)
 ParOldGen       total 112640K, used 42339K [0x0000000080000000, 0x0000000086e00000, 0x00000000d5580000)
  object space 112640K, 37% used [0x0000000080000000,0x0000000082958da8,0x0000000086e00000)
 Metaspace       used 74249K, capacity 78022K, committed 78128K, reserved 1116160K
  class space    used 10249K, capacity 10953K, committed 11056K, reserved 1048576K
}
Event: 33.902 GC heap before
{Heap before GC invocations=18 (full 3):
 PSYoungGen      total 290816K, used 290793K [0x00000000d5580000, 0x00000000e9880000, 0x0000000100000000)
  eden space 266240K, 100% used [0x00000000d5580000,0x00000000e5980000,0x00000000e5980000)
  from space 24576K, 99% used [0x00000000e7a00000,0x00000000e91fa530,0x00000000e9200000)
  to   space 32256K, 0% used [0x00000000e5980000,0x00000000e5980000,0x00000000e7900000)
 ParOldGen       total 112640K, used 42339K [0x0000000080000000, 0x0000000086e00000, 0x00000000d5580000)
  object space 112640K, 37% used [0x0000000080000000,0x0000000082958da8,0x0000000086e00000)
 Metaspace       used 86929K, capacity 92086K, committed 92336K, reserved 1128448K
  class space    used 12005K, capacity 12931K, committed 12976K, reserved 1048576K
Event: 33.946 GC heap after
Heap after GC invocations=18 (full 3):
 PSYoungGen      total 298496K, used 25638K [0x00000000d5580000, 0x00000000ed980000, 0x0000000100000000)
  eden space 266240K, 0% used [0x00000000d5580000,0x00000000d5580000,0x00000000e5980000)
  from space 32256K, 79% used [0x00000000e5980000,0x00000000e7289838,0x00000000e7900000)
  to   space 35328K, 0% used [0x00000000eb700000,0x00000000eb700000,0x00000000ed980000)
 ParOldGen       total 112640K, used 66595K [0x0000000080000000, 0x0000000086e00000, 0x00000000d5580000)
  object space 112640K, 59% used [0x0000000080000000,0x0000000084108de0,0x0000000086e00000)
 Metaspace       used 86929K, capacity 92086K, committed 92336K, reserved 1128448K
  class space    used 12005K, capacity 12931K, committed 12976K, reserved 1048576K
}
Event: 35.247 GC heap before
{Heap before GC invocations=19 (full 3):
 PSYoungGen      total 298496K, used 291878K [0x00000000d5580000, 0x00000000ed980000, 0x0000000100000000)
  eden space 266240K, 100% used [0x00000000d5580000,0x00000000e5980000,0x00000000e5980000)
  from space 32256K, 79% used [0x00000000e5980000,0x00000000e7289838,0x00000000e7900000)
  to   space 35328K, 0% used [0x00000000eb700000,0x00000000eb700000,0x00000000ed980000)
 ParOldGen       total 112640K, used 66595K [0x0000000080000000, 0x0000000086e00000, 0x00000000d5580000)
  object space 112640K, 59% used [0x0000000080000000,0x0000000084108de0,0x0000000086e00000)
 Metaspace       used 88571K, capacity 93892K, committed 94128K, reserved 1130496K
  class space    used 12228K, capacity 13166K, committed 13232K, reserved 1048576K
Event: 35.297 GC heap after
Heap after GC invocations=19 (full 3):
 PSYoungGen      total 345600K, used 35312K [0x00000000d5580000, 0x00000000efe80000, 0x0000000100000000)
  eden space 310272K, 0% used [0x00000000d5580000,0x00000000d5580000,0x00000000e8480000)
  from space 35328K, 99% used [0x00000000eb700000,0x00000000ed97c2d8,0x00000000ed980000)
  to   space 51712K, 0% used [0x00000000e8480000,0x00000000e8480000,0x00000000eb700000)
 ParOldGen       total 112640K, used 94769K [0x0000000080000000, 0x0000000086e00000, 0x00000000d5580000)
  object space 112640K, 84% used [0x0000000080000000,0x0000000085c8c7a8,0x0000000086e00000)
 Metaspace       used 88571K, capacity 93892K, committed 94128K, reserved 1130496K
  class space    used 12228K, capacity 13166K, committed 13232K, reserved 1048576K
}
Event: 35.297 GC heap before
{Heap before GC invocations=20 (full 4):
 PSYoungGen      total 345600K, used 35312K [0x00000000d5580000, 0x00000000efe80000, 0x0000000100000000)
  eden space 310272K, 0% used [0x00000000d5580000,0x00000000d5580000,0x00000000e8480000)
  from space 35328K, 99% used [0x00000000eb700000,0x00000000ed97c2d8,0x00000000ed980000)
  to   space 51712K, 0% used [0x00000000e8480000,0x00000000e8480000,0x00000000eb700000)
 ParOldGen       total 112640K, used 94769K [0x0000000080000000, 0x0000000086e00000, 0x00000000d5580000)
  object space 112640K, 84% used [0x0000000080000000,0x0000000085c8c7a8,0x0000000086e00000)
 Metaspace       used 88571K, capacity 93892K, committed 94128K, reserved 1130496K
  class space    used 12228K, capacity 13166K, committed 13232K, reserved 1048576K
Event: 35.977 GC heap after
Heap after GC invocations=20 (full 4):
 PSYoungGen      total 345600K, used 6631K [0x00000000d5580000, 0x00000000efe80000, 0x0000000100000000)
  eden space 310272K, 0% used [0x00000000d5580000,0x00000000d5580000,0x00000000e8480000)
  from space 35328K, 18% used [0x00000000eb700000,0x00000000ebd79fc8,0x00000000ed980000)
  to   space 51712K, 0% used [0x00000000e8480000,0x00000000e8480000,0x00000000eb700000)
 ParOldGen       total 232448K, used 112429K [0x0000000080000000, 0x000000008e300000, 0x00000000d5580000)
  object space 232448K, 48% used [0x0000000080000000,0x0000000086dcb4a8,0x000000008e300000)
 Metaspace       used 87874K, capacity 91934K, committed 94128K, reserved 1130496K
  class space    used 11997K, capacity 12759K, committed 13232K, reserved 1048576K
}
Event: 37.962 GC heap before
{Heap before GC invocations=21 (full 4):
 PSYoungGen      total 345600K, used 316903K [0x00000000d5580000, 0x00000000efe80000, 0x0000000100000000)
  eden space 310272K, 100% used [0x00000000d5580000,0x00000000e8480000,0x00000000e8480000)
  from space 35328K, 18% used [0x00000000eb700000,0x00000000ebd79fc8,0x00000000ed980000)
  to   space 51712K, 0% used [0x00000000e8480000,0x00000000e8480000,0x00000000eb700000)
 ParOldGen       total 232448K, used 112429K [0x0000000080000000, 0x000000008e300000, 0x00000000d5580000)
  object space 232448K, 48% used [0x0000000080000000,0x0000000086dcb4a8,0x000000008e300000)
 Metaspace       used 88169K, capacity 92232K, committed 94384K, reserved 1130496K
  class space    used 12001K, capacity 12760K, committed 13232K, reserved 1048576K
Event: 38.083 GC heap after
Heap after GC invocations=21 (full 4):
 PSYoungGen      total 361984K, used 51683K [0x00000000d5580000, 0x00000000efe80000, 0x0000000100000000)
  eden space 310272K, 0% used [0x00000000d5580000,0x00000000d5580000,0x00000000e8480000)
  from space 51712K, 99% used [0x00000000e8480000,0x00000000eb6f8d78,0x00000000eb700000)
  to   space 35328K, 0% used [0x00000000eb700000,0x00000000eb700000,0x00000000ed980000)
 ParOldGen       total 232448K, used 178399K [0x0000000080000000, 0x000000008e300000, 0x00000000d5580000)
  object space 232448K, 76% used [0x0000000080000000,0x000000008ae37d18,0x000000008e300000)
 Metaspace       used 88169K, capacity 92232K, committed 94384K, reserved 1130496K
  class space    used 12001K, capacity 12760K, committed 13232K, reserved 1048576K
}

