# JRE version: OpenJDK Runtime Environment (8.0_242-b01) (build 1.8.0_242-release-1644-b01)
# Java VM: OpenJDK 64-Bit Server VM (25.242-b01 mixed mode windows-amd64 compressed oops)
Heap:
 PSYoungGen      total 445440K, used 162813K [0x00000000d5580000, 0x00000000f5b00000, 0x0000000100000000)
  eden space 403456K, 32% used [0x00000000d5580000,0x00000000dd5ee368,0x00000000edf80000)
  from space 41984K, 74% used [0x00000000f0d80000,0x00000000f2c11300,0x00000000f3680000)
  to   space 47104K, 0% used [0x00000000edf80000,0x00000000edf80000,0x00000000f0d80000)
 ParOldGen       total 255488K, used 125212K [0x0000000080000000, 0x000000008f980000, 0x00000000d5580000)
  object space 255488K, 49% used [0x0000000080000000,0x0000000087a470a0,0x000000008f980000)
 Metaspace       used 80656K, capacity 84488K, committed 85656K, reserved 1122304K
  class space    used 10890K, capacity 11620K, committed 11952K, reserved 1048576K
GC Heap History (10 events):
Event: 19.368 GC heap before
{Heap before GC invocations=27 (full 5):
 PSYoungGen      total 390144K, used 359925K [0x00000000d5580000, 0x00000000f1680000, 0x0000000100000000)
  eden space 343552K, 100% used [0x00000000d5580000,0x00000000ea500000,0x00000000ea500000)
  from space 46592K, 35% used [0x00000000ea500000,0x00000000eb4fd5a8,0x00000000ed280000)
  to   space 43520K, 0% used [0x00000000eec00000,0x00000000eec00000,0x00000000f1680000)
 ParOldGen       total 255488K, used 125014K [0x0000000080000000, 0x000000008f980000, 0x00000000d5580000)
  object space 255488K, 48% used [0x0000000080000000,0x0000000087a15a80,0x000000008f980000)
 Metaspace       used 78941K, capacity 82580K, committed 84248K, reserved 1122304K
  class space    used 10691K, capacity 11390K, committed 11824K, reserved 1048576K
Event: 19.396 GC heap after
Heap after GC invocations=27 (full 5):
 PSYoungGen      total 417280K, used 19275K [0x00000000d5580000, 0x00000000f1600000, 0x0000000100000000)
  eden space 374272K, 0% used [0x00000000d5580000,0x00000000d5580000,0x00000000ec300000)
  from space 43008K, 44% used [0x00000000eec00000,0x00000000efed2c90,0x00000000f1600000)
  to   space 41984K, 0% used [0x00000000ec300000,0x00000000ec300000,0x00000000eec00000)
 ParOldGen       total 255488K, used 125022K [0x0000000080000000, 0x000000008f980000, 0x00000000d5580000)
  object space 255488K, 48% used [0x0000000080000000,0x0000000087a17a80,0x000000008f980000)
 Metaspace       used 78941K, capacity 82580K, committed 84248K, reserved 1122304K
  class space    used 10691K, capacity 11390K, committed 11824K, reserved 1048576K
}
Event: 19.993 GC heap before
{Heap before GC invocations=28 (full 5):
 PSYoungGen      total 417280K, used 393547K [0x00000000d5580000, 0x00000000f1600000, 0x0000000100000000)
  eden space 374272K, 100% used [0x00000000d5580000,0x00000000ec300000,0x00000000ec300000)
  from space 43008K, 44% used [0x00000000eec00000,0x00000000efed2c90,0x00000000f1600000)
  to   space 41984K, 0% used [0x00000000ec300000,0x00000000ec300000,0x00000000eec00000)
 ParOldGen       total 255488K, used 125022K [0x0000000080000000, 0x000000008f980000, 0x00000000d5580000)
  object space 255488K, 48% used [0x0000000080000000,0x0000000087a17a80,0x000000008f980000)
 Metaspace       used 79179K, capacity 82886K, committed 84504K, reserved 1122304K
  class space    used 10718K, capacity 11459K, committed 11824K, reserved 1048576K
Event: 20.018 GC heap after
Heap after GC invocations=28 (full 5):
 PSYoungGen      total 416256K, used 23447K [0x00000000d5580000, 0x00000000f3680000, 0x0000000100000000)
  eden space 374272K, 0% used [0x00000000d5580000,0x00000000d5580000,0x00000000ec300000)
  from space 41984K, 55% used [0x00000000ec300000,0x00000000ed9e5d30,0x00000000eec00000)
  to   space 41984K, 0% used [0x00000000f0d80000,0x00000000f0d80000,0x00000000f3680000)
 ParOldGen       total 255488K, used 125030K [0x0000000080000000, 0x000000008f980000, 0x00000000d5580000)
  object space 255488K, 48% used [0x0000000080000000,0x0000000087a19a80,0x000000008f980000)
 Metaspace       used 79179K, capacity 82886K, committed 84504K, reserved 1122304K
  class space    used 10718K, capacity 11459K, committed 11824K, reserved 1048576K
}
Event: 20.611 GC heap before
{Heap before GC invocations=29 (full 5):
 PSYoungGen      total 416256K, used 397719K [0x00000000d5580000, 0x00000000f3680000, 0x0000000100000000)
  eden space 374272K, 100% used [0x00000000d5580000,0x00000000ec300000,0x00000000ec300000)
  from space 41984K, 55% used [0x00000000ec300000,0x00000000ed9e5d30,0x00000000eec00000)
  to   space 41984K, 0% used [0x00000000f0d80000,0x00000000f0d80000,0x00000000f3680000)
 ParOldGen       total 255488K, used 125030K [0x0000000080000000, 0x000000008f980000, 0x00000000d5580000)
  object space 255488K, 48% used [0x0000000080000000,0x0000000087a19a80,0x000000008f980000)
 Metaspace       used 79846K, capacity 83584K, committed 85016K, reserved 1122304K
  class space    used 10795K, capacity 11492K, committed 11824K, reserved 1048576K
Event: 20.647 GC heap after
Heap after GC invocations=29 (full 5):
 PSYoungGen      total 448512K, used 28694K [0x00000000d5580000, 0x00000000f3d00000, 0x0000000100000000)
  eden space 406528K, 0% used [0x00000000d5580000,0x00000000d5580000,0x00000000ee280000)
  from space 41984K, 68% used [0x00000000f0d80000,0x00000000f2985bb8,0x00000000f3680000)
  to   space 44032K, 0% used [0x00000000ee280000,0x00000000ee280000,0x00000000f0d80000)
 ParOldGen       total 255488K, used 125038K [0x0000000080000000, 0x000000008f980000, 0x00000000d5580000)
  object space 255488K, 48% used [0x0000000080000000,0x0000000087a1ba80,0x000000008f980000)
 Metaspace       used 79846K, capacity 83584K, committed 85016K, reserved 1122304K
  class space    used 10795K, capacity 11492K, committed 11824K, reserved 1048576K
}
Event: 21.364 GC heap before
{Heap before GC invocations=30 (full 5):
 PSYoungGen      total 448512K, used 435222K [0x00000000d5580000, 0x00000000f3d00000, 0x0000000100000000)
  eden space 406528K, 100% used [0x00000000d5580000,0x00000000ee280000,0x00000000ee280000)
  from space 41984K, 68% used [0x00000000f0d80000,0x00000000f2985bb8,0x00000000f3680000)
  to   space 44032K, 0% used [0x00000000ee280000,0x00000000ee280000,0x00000000f0d80000)
 ParOldGen       total 255488K, used 125202K [0x0000000080000000, 0x000000008f980000, 0x00000000d5580000)
  object space 255488K, 49% used [0x0000000080000000,0x0000000087a449a8,0x000000008f980000)
 Metaspace       used 79961K, capacity 83712K, committed 85016K, reserved 1122304K
  class space    used 10797K, capacity 11492K, committed 11824K, reserved 1048576K
Event: 21.401 GC heap after
Heap after GC invocations=30 (full 5):
 PSYoungGen      total 450560K, used 29661K [0x00000000d5580000, 0x00000000f3d00000, 0x0000000100000000)
  eden space 406528K, 0% used [0x00000000d5580000,0x00000000d5580000,0x00000000ee280000)
  from space 44032K, 67% used [0x00000000ee280000,0x00000000eff77718,0x00000000f0d80000)
  to   space 41984K, 0% used [0x00000000f0d80000,0x00000000f0d80000,0x00000000f3680000)
 ParOldGen       total 255488K, used 125202K [0x0000000080000000, 0x000000008f980000, 0x00000000d5580000)
  object space 255488K, 49% used [0x0000000080000000,0x0000000087a449a8,0x000000008f980000)
 Metaspace       used 79961K, capacity 83712K, committed 85016K, reserved 1122304K
  class space    used 10797K, capacity 11492K, committed 11824K, reserved 1048576K
}
Event: 22.230 GC heap before
{Heap before GC invocations=31 (full 5):
 PSYoungGen      total 450560K, used 436189K [0x00000000d5580000, 0x00000000f3d00000, 0x0000000100000000)
  eden space 406528K, 100% used [0x00000000d5580000,0x00000000ee280000,0x00000000ee280000)
  from space 44032K, 67% used [0x00000000ee280000,0x00000000eff77718,0x00000000f0d80000)
  to   space 41984K, 0% used [0x00000000f0d80000,0x00000000f0d80000,0x00000000f3680000)
 ParOldGen       total 255488K, used 125204K [0x0000000080000000, 0x000000008f980000, 0x00000000d5580000)
  object space 255488K, 49% used [0x0000000080000000,0x0000000087a450a0,0x000000008f980000)
 Metaspace       used 80654K, capacity 84488K, committed 85656K, reserved 1122304K
  class space    used 10890K, capacity 11620K, committed 11952K, reserved 1048576K
Event: 22.260 GC heap after
Heap after GC invocations=31 (full 5):
 PSYoungGen      total 445440K, used 31300K [0x00000000d5580000, 0x00000000f5b00000, 0x0000000100000000)
  eden space 403456K, 0% used [0x00000000d5580000,0x00000000d5580000,0x00000000edf80000)
  from space 41984K, 74% used [0x00000000f0d80000,0x00000000f2c11300,0x00000000f3680000)
  to   space 47104K, 0% used [0x00000000edf80000,0x00000000edf80000,0x00000000f0d80000)
 ParOldGen       total 255488K, used 125212K [0x0000000080000000, 0x000000008f980000, 0x00000000d5580000)
  object space 255488K, 49% used [0x0000000080000000,0x0000000087a470a0,0x000000008f980000)
 Metaspace       used 80654K, capacity 84488K, committed 85656K, reserved 1122304K
  class space    used 10890K, capacity 11620K, committed 11952K, reserved 1048576K
}

