# JRE version: OpenJDK Runtime Environment (8.0_242-b01) (build 1.8.0_242-release-1644-b01)
# Java VM: OpenJDK 64-Bit Server VM (25.242-b01 mixed mode windows-amd64 compressed oops)
Heap:
 PSYoungGen      total 377344K, used 214242K [0x00000000d5580000, 0x00000000f5780000, 0x0000000100000000)
  eden space 343040K, 62% used [0x00000000d5580000,0x00000000e26b88f8,0x00000000ea480000)
  from space 34304K, 0% used [0x00000000ea480000,0x00000000ea480000,0x00000000ec600000)
  to   space 36352K, 0% used [0x00000000f3400000,0x00000000f3400000,0x00000000f5780000)
 ParOldGen       total 157696K, used 72427K [0x0000000080000000, 0x0000000089a00000, 0x00000000d5580000)
  object space 157696K, 45% used [0x0000000080000000,0x00000000846baeb0,0x0000000089a00000)
 Metaspace       used 86070K, capacity 89964K, committed 90776K, reserved 1128448K
  class space    used 11600K, capacity 12328K, committed 12464K, reserved 1048576K
GC Heap History (10 events):
Event: 7.686 GC heap before
{Heap before GC invocations=15 (full 3):
 PSYoungGen      total 271360K, used 14072K [0x00000000d5580000, 0x00000000e7380000, 0x0000000100000000)
  eden space 254976K, 0% used [0x00000000d5580000,0x00000000d5580000,0x00000000e4e80000)
  from space 16384K, 85% used [0x00000000e6380000,0x00000000e713e098,0x00000000e7380000)
  to   space 18944K, 0% used [0x00000000e4e80000,0x00000000e4e80000,0x00000000e6100000)
 ParOldGen       total 61952K, used 32272K [0x0000000080000000, 0x0000000083c80000, 0x00000000d5580000)
  object space 61952K, 52% used [0x0000000080000000,0x0000000081f84020,0x0000000083c80000)
 Metaspace       used 56988K, capacity 59110K, committed 59160K, reserved 1099776K
  class space    used 7741K, capacity 8214K, committed 8240K, reserved 1048576K
Event: 7.911 GC heap after
Heap after GC invocations=15 (full 3):
 PSYoungGen      total 271360K, used 0K [0x00000000d5580000, 0x00000000e7380000, 0x0000000100000000)
  eden space 254976K, 0% used [0x00000000d5580000,0x00000000d5580000,0x00000000e4e80000)
  from space 16384K, 0% used [0x00000000e6380000,0x00000000e6380000,0x00000000e7380000)
  to   space 18944K, 0% used [0x00000000e4e80000,0x00000000e4e80000,0x00000000e6100000)
 ParOldGen       total 97792K, used 37194K [0x0000000080000000, 0x0000000085f80000, 0x00000000d5580000)
  object space 97792K, 38% used [0x0000000080000000,0x0000000082452a58,0x0000000085f80000)
 Metaspace       used 56951K, capacity 58984K, committed 59160K, reserved 1099776K
  class space    used 7729K, capacity 8193K, committed 8240K, reserved 1048576K
}
Event: 10.466 GC heap before
{Heap before GC invocations=16 (full 3):
 PSYoungGen      total 271360K, used 254976K [0x00000000d5580000, 0x00000000e7380000, 0x0000000100000000)
  eden space 254976K, 100% used [0x00000000d5580000,0x00000000e4e80000,0x00000000e4e80000)
  from space 16384K, 0% used [0x00000000e6380000,0x00000000e6380000,0x00000000e7380000)
  to   space 18944K, 0% used [0x00000000e4e80000,0x00000000e4e80000,0x00000000e6100000)
 ParOldGen       total 97792K, used 37194K [0x0000000080000000, 0x0000000085f80000, 0x00000000d5580000)
  object space 97792K, 38% used [0x0000000080000000,0x0000000082452a58,0x0000000085f80000)
 Metaspace       used 65226K, capacity 68996K, committed 69144K, reserved 1107968K
  class space    used 9000K, capacity 9734K, committed 9776K, reserved 1048576K
Event: 10.487 GC heap after
Heap after GC invocations=16 (full 3):
 PSYoungGen      total 273920K, used 18927K [0x00000000d5580000, 0x00000000edc00000, 0x0000000100000000)
  eden space 254976K, 0% used [0x00000000d5580000,0x00000000d5580000,0x00000000e4e80000)
  from space 18944K, 99% used [0x00000000e4e80000,0x00000000e60fbe60,0x00000000e6100000)
  to   space 22528K, 0% used [0x00000000ec600000,0x00000000ec600000,0x00000000edc00000)
 ParOldGen       total 97792K, used 38473K [0x0000000080000000, 0x0000000085f80000, 0x00000000d5580000)
  object space 97792K, 39% used [0x0000000080000000,0x0000000082592520,0x0000000085f80000)
 Metaspace       used 65226K, capacity 68996K, committed 69144K, reserved 1107968K
  class space    used 9000K, capacity 9734K, committed 9776K, reserved 1048576K
}
Event: 13.442 GC heap before
{Heap before GC invocations=17 (full 3):
 PSYoungGen      total 273920K, used 273903K [0x00000000d5580000, 0x00000000edc00000, 0x0000000100000000)
  eden space 254976K, 100% used [0x00000000d5580000,0x00000000e4e80000,0x00000000e4e80000)
  from space 18944K, 99% used [0x00000000e4e80000,0x00000000e60fbe60,0x00000000e6100000)
  to   space 22528K, 0% used [0x00000000ec600000,0x00000000ec600000,0x00000000edc00000)
 ParOldGen       total 97792K, used 38473K [0x0000000080000000, 0x0000000085f80000, 0x00000000d5580000)
  object space 97792K, 39% used [0x0000000080000000,0x0000000082592520,0x0000000085f80000)
 Metaspace       used 67952K, capacity 71818K, committed 71960K, reserved 1112064K
  class space    used 9276K, capacity 10031K, committed 10032K, reserved 1048576K
Event: 13.484 GC heap after
Heap after GC invocations=17 (full 3):
 PSYoungGen      total 365568K, used 22502K [0x00000000d5580000, 0x00000000eeb80000, 0x0000000100000000)
  eden space 343040K, 0% used [0x00000000d5580000,0x00000000d5580000,0x00000000ea480000)
  from space 22528K, 99% used [0x00000000ec600000,0x00000000edbf9a58,0x00000000edc00000)
  to   space 34304K, 0% used [0x00000000ea480000,0x00000000ea480000,0x00000000ec600000)
 ParOldGen       total 97792K, used 62194K [0x0000000080000000, 0x0000000085f80000, 0x00000000d5580000)
  object space 97792K, 63% used [0x0000000080000000,0x0000000083cbc8d8,0x0000000085f80000)
 Metaspace       used 67952K, capacity 71818K, committed 71960K, reserved 1112064K
  class space    used 9276K, capacity 10031K, committed 10032K, reserved 1048576K
}
Event: 27.073 GC heap before
{Heap before GC invocations=18 (full 3):
 PSYoungGen      total 365568K, used 365542K [0x00000000d5580000, 0x00000000eeb80000, 0x0000000100000000)
  eden space 343040K, 100% used [0x00000000d5580000,0x00000000ea480000,0x00000000ea480000)
  from space 22528K, 99% used [0x00000000ec600000,0x00000000edbf9a58,0x00000000edc00000)
  to   space 34304K, 0% used [0x00000000ea480000,0x00000000ea480000,0x00000000ec600000)
 ParOldGen       total 97792K, used 62194K [0x0000000080000000, 0x0000000085f80000, 0x00000000d5580000)
  object space 97792K, 63% used [0x0000000080000000,0x0000000083cbc8d8,0x0000000085f80000)
 Metaspace       used 77907K, capacity 82176K, committed 82328K, reserved 1120256K
  class space    used 10549K, capacity 11340K, committed 11440K, reserved 1048576K
Event: 27.123 GC heap after
Heap after GC invocations=18 (full 3):
 PSYoungGen      total 377344K, used 24473K [0x00000000d5580000, 0x00000000f5780000, 0x0000000100000000)
  eden space 343040K, 0% used [0x00000000d5580000,0x00000000d5580000,0x00000000ea480000)
  from space 34304K, 71% used [0x00000000ea480000,0x00000000ebc665a0,0x00000000ec600000)
  to   space 36352K, 0% used [0x00000000f3400000,0x00000000f3400000,0x00000000f5780000)
 ParOldGen       total 97792K, used 84118K [0x0000000080000000, 0x0000000085f80000, 0x00000000d5580000)
  object space 97792K, 86% used [0x0000000080000000,0x0000000085225bc0,0x0000000085f80000)
 Metaspace       used 77907K, capacity 82176K, committed 82328K, reserved 1120256K
  class space    used 10549K, capacity 11340K, committed 11440K, reserved 1048576K
}
Event: 27.123 GC heap before
{Heap before GC invocations=19 (full 4):
 PSYoungGen      total 377344K, used 24473K [0x00000000d5580000, 0x00000000f5780000, 0x0000000100000000)
  eden space 343040K, 0% used [0x00000000d5580000,0x00000000d5580000,0x00000000ea480000)
  from space 34304K, 71% used [0x00000000ea480000,0x00000000ebc665a0,0x00000000ec600000)
  to   space 36352K, 0% used [0x00000000f3400000,0x00000000f3400000,0x00000000f5780000)
 ParOldGen       total 97792K, used 84118K [0x0000000080000000, 0x0000000085f80000, 0x00000000d5580000)
  object space 97792K, 86% used [0x0000000080000000,0x0000000085225bc0,0x0000000085f80000)
 Metaspace       used 77907K, capacity 82176K, committed 82328K, reserved 1120256K
  class space    used 10549K, capacity 11340K, committed 11440K, reserved 1048576K
Event: 27.309 GC heap after
Heap after GC invocations=19 (full 4):
 PSYoungGen      total 377344K, used 0K [0x00000000d5580000, 0x00000000f5780000, 0x0000000100000000)
  eden space 343040K, 0% used [0x00000000d5580000,0x00000000d5580000,0x00000000ea480000)
  from space 34304K, 0% used [0x00000000ea480000,0x00000000ea480000,0x00000000ec600000)
  to   space 36352K, 0% used [0x00000000f3400000,0x00000000f3400000,0x00000000f5780000)
 ParOldGen       total 157696K, used 72427K [0x0000000080000000, 0x0000000089a00000, 0x00000000d5580000)
  object space 157696K, 45% used [0x0000000080000000,0x00000000846baeb0,0x0000000089a00000)
 Metaspace       used 77307K, capacity 80468K, committed 82328K, reserved 1120256K
  class space    used 10355K, capacity 10994K, committed 11440K, reserved 1048576K
}

