# JRE version: OpenJDK Runtime Environment (8.0_242-b01) (build 1.8.0_242-release-1644-b01)
# Java VM: OpenJDK 64-Bit Server VM (25.242-b01 mixed mode windows-amd64 compressed oops)
Heap:
 PSYoungGen      total 437760K, used 265125K [0x00000000d5580000, 0x00000000f7680000, 0x0000000100000000)
  eden space 398336K, 61% used [0x00000000d5580000,0x00000000e4350648,0x00000000eda80000)
  from space 39424K, 54% used [0x00000000eda80000,0x00000000eef98fd8,0x00000000f0100000)
  to   space 39424K, 0% used [0x00000000f5000000,0x00000000f5000000,0x00000000f7680000)
 ParOldGen       total 110592K, used 78120K [0x0000000080000000, 0x0000000086c00000, 0x00000000d5580000)
  object space 110592K, 70% used [0x0000000080000000,0x0000000084c4a2b0,0x0000000086c00000)
 Metaspace       used 91681K, capacity 97216K, committed 97432K, reserved 1132544K
  class space    used 12457K, capacity 13436K, committed 13488K, reserved 1048576K
GC Heap History (10 events):
Event: 13.413 GC heap before
{Heap before GC invocations=12 (full 2):
 PSYoungGen      total 249344K, used 82538K [0x00000000d5580000, 0x00000000ebd00000, 0x0000000100000000)
  eden space 234496K, 28% used [0x00000000d5580000,0x00000000d979c6a8,0x00000000e3a80000)
  from space 14848K, 99% used [0x00000000e3a80000,0x00000000e48fe350,0x00000000e4900000)
  to   space 22016K, 0% used [0x00000000ea780000,0x00000000ea780000,0x00000000ebd00000)
 ParOldGen       total 72704K, used 28500K [0x0000000080000000, 0x0000000084700000, 0x00000000d5580000)
  object space 72704K, 39% used [0x0000000080000000,0x0000000081bd51f8,0x0000000084700000)
 Metaspace       used 56973K, capacity 59086K, committed 59160K, reserved 1099776K
  class space    used 7744K, capacity 8210K, committed 8240K, reserved 1048576K
Event: 13.434 GC heap after
Heap after GC invocations=12 (full 2):
 PSYoungGen      total 342528K, used 21992K [0x00000000d5580000, 0x00000000ec180000, 0x0000000100000000)
  eden space 320512K, 0% used [0x00000000d5580000,0x00000000d5580000,0x00000000e8e80000)
  from space 22016K, 99% used [0x00000000ea780000,0x00000000ebcfa250,0x00000000ebd00000)
  to   space 25600K, 0% used [0x00000000e8e80000,0x00000000e8e80000,0x00000000ea780000)
 ParOldGen       total 72704K, used 29050K [0x0000000080000000, 0x0000000084700000, 0x00000000d5580000)
  object space 72704K, 39% used [0x0000000080000000,0x0000000081c5eab0,0x0000000084700000)
 Metaspace       used 56973K, capacity 59086K, committed 59160K, reserved 1099776K
  class space    used 7744K, capacity 8210K, committed 8240K, reserved 1048576K
}
Event: 13.434 GC heap before
{Heap before GC invocations=13 (full 3):
 PSYoungGen      total 342528K, used 21992K [0x00000000d5580000, 0x00000000ec180000, 0x0000000100000000)
  eden space 320512K, 0% used [0x00000000d5580000,0x00000000d5580000,0x00000000e8e80000)
  from space 22016K, 99% used [0x00000000ea780000,0x00000000ebcfa250,0x00000000ebd00000)
  to   space 25600K, 0% used [0x00000000e8e80000,0x00000000e8e80000,0x00000000ea780000)
 ParOldGen       total 72704K, used 29050K [0x0000000080000000, 0x0000000084700000, 0x00000000d5580000)
  object space 72704K, 39% used [0x0000000080000000,0x0000000081c5eab0,0x0000000084700000)
 Metaspace       used 56973K, capacity 59086K, committed 59160K, reserved 1099776K
  class space    used 7744K, capacity 8210K, committed 8240K, reserved 1048576K
Event: 13.689 GC heap after
Heap after GC invocations=13 (full 3):
 PSYoungGen      total 342528K, used 0K [0x00000000d5580000, 0x00000000ec180000, 0x0000000100000000)
  eden space 320512K, 0% used [0x00000000d5580000,0x00000000d5580000,0x00000000e8e80000)
  from space 22016K, 0% used [0x00000000ea780000,0x00000000ea780000,0x00000000ebd00000)
  to   space 25600K, 0% used [0x00000000e8e80000,0x00000000e8e80000,0x00000000ea780000)
 ParOldGen       total 110592K, used 35196K [0x0000000080000000, 0x0000000086c00000, 0x00000000d5580000)
  object space 110592K, 31% used [0x0000000080000000,0x000000008225f050,0x0000000086c00000)
 Metaspace       used 56943K, capacity 58984K, committed 59160K, reserved 1099776K
  class space    used 7735K, capacity 8193K, committed 8240K, reserved 1048576K
}
Event: 17.371 GC heap before
{Heap before GC invocations=14 (full 3):
 PSYoungGen      total 342528K, used 320512K [0x00000000d5580000, 0x00000000ec180000, 0x0000000100000000)
  eden space 320512K, 100% used [0x00000000d5580000,0x00000000e8e80000,0x00000000e8e80000)
  from space 22016K, 0% used [0x00000000ea780000,0x00000000ea780000,0x00000000ebd00000)
  to   space 25600K, 0% used [0x00000000e8e80000,0x00000000e8e80000,0x00000000ea780000)
 ParOldGen       total 110592K, used 35196K [0x0000000080000000, 0x0000000086c00000, 0x00000000d5580000)
  object space 110592K, 31% used [0x0000000080000000,0x000000008225f050,0x0000000086c00000)
 Metaspace       used 66631K, capacity 70154K, committed 70296K, reserved 1110016K
  class space    used 9175K, capacity 9851K, committed 9904K, reserved 1048576K
Event: 17.405 GC heap after
Heap after GC invocations=14 (full 3):
 PSYoungGen      total 346112K, used 23601K [0x00000000d5580000, 0x00000000f1d80000, 0x0000000100000000)
  eden space 320512K, 0% used [0x00000000d5580000,0x00000000d5580000,0x00000000e8e80000)
  from space 25600K, 92% used [0x00000000e8e80000,0x00000000ea58c6c8,0x00000000ea780000)
  to   space 28672K, 0% used [0x00000000f0180000,0x00000000f0180000,0x00000000f1d80000)
 ParOldGen       total 110592K, used 35204K [0x0000000080000000, 0x0000000086c00000, 0x00000000d5580000)
  object space 110592K, 31% used [0x0000000080000000,0x0000000082261050,0x0000000086c00000)
 Metaspace       used 66631K, capacity 70154K, committed 70296K, reserved 1110016K
  class space    used 9175K, capacity 9851K, committed 9904K, reserved 1048576K
}
Event: 32.801 GC heap before
{Heap before GC invocations=15 (full 3):
 PSYoungGen      total 346112K, used 344113K [0x00000000d5580000, 0x00000000f1d80000, 0x0000000100000000)
  eden space 320512K, 100% used [0x00000000d5580000,0x00000000e8e80000,0x00000000e8e80000)
  from space 25600K, 92% used [0x00000000e8e80000,0x00000000ea58c6c8,0x00000000ea780000)
  to   space 28672K, 0% used [0x00000000f0180000,0x00000000f0180000,0x00000000f1d80000)
 ParOldGen       total 110592K, used 35204K [0x0000000080000000, 0x0000000086c00000, 0x00000000d5580000)
  object space 110592K, 31% used [0x0000000080000000,0x0000000082261050,0x0000000086c00000)
 Metaspace       used 81143K, capacity 85598K, committed 85784K, reserved 1122304K
  class space    used 11235K, capacity 12033K, committed 12080K, reserved 1048576K
Event: 32.847 GC heap after
Heap after GC invocations=15 (full 3):
 PSYoungGen      total 427008K, used 28669K [0x00000000d5580000, 0x00000000f2780000, 0x0000000100000000)
  eden space 398336K, 0% used [0x00000000d5580000,0x00000000d5580000,0x00000000eda80000)
  from space 28672K, 99% used [0x00000000f0180000,0x00000000f1d7f560,0x00000000f1d80000)
  to   space 39424K, 0% used [0x00000000eda80000,0x00000000eda80000,0x00000000f0100000)
 ParOldGen       total 110592K, used 52492K [0x0000000080000000, 0x0000000086c00000, 0x00000000d5580000)
  object space 110592K, 47% used [0x0000000080000000,0x00000000833430e0,0x0000000086c00000)
 Metaspace       used 81143K, capacity 85598K, committed 85784K, reserved 1122304K
  class space    used 11235K, capacity 12033K, committed 12080K, reserved 1048576K
}
Event: 103.055 GC heap before
{Heap before GC invocations=16 (full 3):
 PSYoungGen      total 427008K, used 427005K [0x00000000d5580000, 0x00000000f2780000, 0x0000000100000000)
  eden space 398336K, 100% used [0x00000000d5580000,0x00000000eda80000,0x00000000eda80000)
  from space 28672K, 99% used [0x00000000f0180000,0x00000000f1d7f560,0x00000000f1d80000)
  to   space 39424K, 0% used [0x00000000eda80000,0x00000000eda80000,0x00000000f0100000)
 ParOldGen       total 110592K, used 52492K [0x0000000080000000, 0x0000000086c00000, 0x00000000d5580000)
  object space 110592K, 47% used [0x0000000080000000,0x00000000833430e0,0x0000000086c00000)
 Metaspace       used 90970K, capacity 96356K, committed 96664K, reserved 1132544K
  class space    used 12422K, capacity 13378K, committed 13488K, reserved 1048576K
Event: 103.101 GC heap after
Heap after GC invocations=16 (full 3):
 PSYoungGen      total 437760K, used 21603K [0x00000000d5580000, 0x00000000f7680000, 0x0000000100000000)
  eden space 398336K, 0% used [0x00000000d5580000,0x00000000d5580000,0x00000000eda80000)
  from space 39424K, 54% used [0x00000000eda80000,0x00000000eef98fd8,0x00000000f0100000)
  to   space 39424K, 0% used [0x00000000f5000000,0x00000000f5000000,0x00000000f7680000)
 ParOldGen       total 110592K, used 78120K [0x0000000080000000, 0x0000000086c00000, 0x00000000d5580000)
  object space 110592K, 70% used [0x0000000080000000,0x0000000084c4a2b0,0x0000000086c00000)
 Metaspace       used 90970K, capacity 96356K, committed 96664K, reserved 1132544K
  class space    used 12422K, capacity 13378K, committed 13488K, reserved 1048576K
}

