# JRE version: OpenJDK Runtime Environment (8.0_242-b01) (build 1.8.0_242-release-1644-b01)
# Java VM: OpenJDK 64-Bit Server VM (25.242-b01 mixed mode windows-amd64 compressed oops)
Heap:
 PSYoungGen      total 432128K, used 30986K [0x00000000d5580000, 0x00000000f3b00000, 0x0000000100000000)
  eden space 401920K, 5% used [0x00000000d5580000,0x00000000d699c550,0x00000000ede00000)
  from space 30208K, 34% used [0x00000000ede00000,0x00000000ee8262f0,0x00000000efb80000)
  to   space 29184K, 0% used [0x00000000f1e80000,0x00000000f1e80000,0x00000000f3b00000)
 ParOldGen       total 179200K, used 80933K [0x0000000080000000, 0x000000008af00000, 0x00000000d5580000)
  object space 179200K, 45% used [0x0000000080000000,0x0000000084f09758,0x000000008af00000)
 Metaspace       used 97409K, capacity 102876K, committed 103064K, reserved 1138688K
  class space    used 12913K, capacity 13926K, committed 13992K, reserved 1048576K
GC Heap History (10 events):
Event: 469.034 GC heap before
{Heap before GC invocations=19 (full 3):
 PSYoungGen      total 323584K, used 323564K [0x00000000d5580000, 0x00000000ef580000, 0x0000000100000000)
  eden space 301568K, 100% used [0x00000000d5580000,0x00000000e7c00000,0x00000000e7c00000)
  from space 22016K, 99% used [0x00000000e7c00000,0x00000000e917b0f8,0x00000000e9180000)
  to   space 26624K, 0% used [0x00000000edb80000,0x00000000edb80000,0x00000000ef580000)
 ParOldGen       total 107008K, used 56718K [0x0000000080000000, 0x0000000086880000, 0x00000000d5580000)
  object space 107008K, 53% used [0x0000000080000000,0x0000000083763830,0x0000000086880000)
 Metaspace       used 83037K, capacity 87454K, committed 87704K, reserved 1124352K
  class space    used 11017K, capacity 11837K, committed 11944K, reserved 1048576K
Event: 469.063 GC heap after
Heap after GC invocations=19 (full 3):
 PSYoungGen      total 373760K, used 7392K [0x00000000d5580000, 0x00000000ee800000, 0x0000000100000000)
  eden space 360960K, 0% used [0x00000000d5580000,0x00000000d5580000,0x00000000eb600000)
  from space 12800K, 57% used [0x00000000edb80000,0x00000000ee2b8158,0x00000000ee800000)
  to   space 25600K, 0% used [0x00000000eb600000,0x00000000eb600000,0x00000000ecf00000)
 ParOldGen       total 107008K, used 68682K [0x0000000080000000, 0x0000000086880000, 0x00000000d5580000)
  object space 107008K, 64% used [0x0000000080000000,0x00000000843129d8,0x0000000086880000)
 Metaspace       used 83037K, capacity 87454K, committed 87704K, reserved 1124352K
  class space    used 11017K, capacity 11837K, committed 11944K, reserved 1048576K
}
Event: 478.062 GC heap before
{Heap before GC invocations=20 (full 3):
 PSYoungGen      total 373760K, used 302262K [0x00000000d5580000, 0x00000000ee800000, 0x0000000100000000)
  eden space 360960K, 81% used [0x00000000d5580000,0x00000000e75759a8,0x00000000eb600000)
  from space 12800K, 57% used [0x00000000edb80000,0x00000000ee2b8158,0x00000000ee800000)
  to   space 25600K, 0% used [0x00000000eb600000,0x00000000eb600000,0x00000000ecf00000)
 ParOldGen       total 107008K, used 68682K [0x0000000080000000, 0x0000000086880000, 0x00000000d5580000)
  object space 107008K, 64% used [0x0000000080000000,0x00000000843129d8,0x0000000086880000)
 Metaspace       used 93214K, capacity 98586K, committed 98600K, reserved 1134592K
  class space    used 12486K, capacity 13469K, committed 13480K, reserved 1048576K
Event: 478.099 GC heap after
Heap after GC invocations=20 (full 3):
 PSYoungGen      total 386560K, used 25585K [0x00000000d5580000, 0x00000000f1d00000, 0x0000000100000000)
  eden space 360960K, 0% used [0x00000000d5580000,0x00000000d5580000,0x00000000eb600000)
  from space 25600K, 99% used [0x00000000eb600000,0x00000000ecefc520,0x00000000ecf00000)
  to   space 32256K, 0% used [0x00000000efd80000,0x00000000efd80000,0x00000000f1d00000)
 ParOldGen       total 107008K, used 75779K [0x0000000080000000, 0x0000000086880000, 0x00000000d5580000)
  object space 107008K, 70% used [0x0000000080000000,0x0000000084a00c70,0x0000000086880000)
 Metaspace       used 93214K, capacity 98586K, committed 98600K, reserved 1134592K
  class space    used 12486K, capacity 13469K, committed 13480K, reserved 1048576K
}
Event: 478.099 GC heap before
{Heap before GC invocations=21 (full 4):
 PSYoungGen      total 386560K, used 25585K [0x00000000d5580000, 0x00000000f1d00000, 0x0000000100000000)
  eden space 360960K, 0% used [0x00000000d5580000,0x00000000d5580000,0x00000000eb600000)
  from space 25600K, 99% used [0x00000000eb600000,0x00000000ecefc520,0x00000000ecf00000)
  to   space 32256K, 0% used [0x00000000efd80000,0x00000000efd80000,0x00000000f1d00000)
 ParOldGen       total 107008K, used 75779K [0x0000000080000000, 0x0000000086880000, 0x00000000d5580000)
  object space 107008K, 70% used [0x0000000080000000,0x0000000084a00c70,0x0000000086880000)
 Metaspace       used 93214K, capacity 98586K, committed 98600K, reserved 1134592K
  class space    used 12486K, capacity 13469K, committed 13480K, reserved 1048576K
Event: 478.384 GC heap after
Heap after GC invocations=21 (full 4):
 PSYoungGen      total 386560K, used 0K [0x00000000d5580000, 0x00000000f1d00000, 0x0000000100000000)
  eden space 360960K, 0% used [0x00000000d5580000,0x00000000d5580000,0x00000000eb600000)
  from space 25600K, 0% used [0x00000000eb600000,0x00000000eb600000,0x00000000ecf00000)
  to   space 32256K, 0% used [0x00000000efd80000,0x00000000efd80000,0x00000000f1d00000)
 ParOldGen       total 179200K, used 80917K [0x0000000080000000, 0x000000008af00000, 0x00000000d5580000)
  object space 179200K, 45% used [0x0000000080000000,0x0000000084f05758,0x000000008af00000)
 Metaspace       used 92533K, capacity 96650K, committed 98600K, reserved 1134592K
  class space    used 12261K, capacity 13073K, committed 13480K, reserved 1048576K
}
Event: 517.173 GC heap before
{Heap before GC invocations=22 (full 4):
 PSYoungGen      total 386560K, used 360960K [0x00000000d5580000, 0x00000000f1d00000, 0x0000000100000000)
  eden space 360960K, 100% used [0x00000000d5580000,0x00000000eb600000,0x00000000eb600000)
  from space 25600K, 0% used [0x00000000eb600000,0x00000000eb600000,0x00000000ecf00000)
  to   space 32256K, 0% used [0x00000000efd80000,0x00000000efd80000,0x00000000f1d00000)
 ParOldGen       total 179200K, used 80917K [0x0000000080000000, 0x000000008af00000, 0x00000000d5580000)
  object space 179200K, 45% used [0x0000000080000000,0x0000000084f05758,0x000000008af00000)
 Metaspace       used 96835K, capacity 102138K, committed 102296K, reserved 1138688K
  class space    used 12879K, capacity 13867K, committed 13992K, reserved 1048576K
Event: 517.190 GC heap after
Heap after GC invocations=22 (full 4):
 PSYoungGen      total 430080K, used 12150K [0x00000000d5580000, 0x00000000f1900000, 0x0000000100000000)
  eden space 401920K, 0% used [0x00000000d5580000,0x00000000d5580000,0x00000000ede00000)
  from space 28160K, 43% used [0x00000000efd80000,0x00000000f095d8c0,0x00000000f1900000)
  to   space 30208K, 0% used [0x00000000ede00000,0x00000000ede00000,0x00000000efb80000)
 ParOldGen       total 179200K, used 80925K [0x0000000080000000, 0x000000008af00000, 0x00000000d5580000)
  object space 179200K, 45% used [0x0000000080000000,0x0000000084f07758,0x000000008af00000)
 Metaspace       used 96835K, capacity 102138K, committed 102296K, reserved 1138688K
  class space    used 12879K, capacity 13867K, committed 13992K, reserved 1048576K
}
Event: 757.911 GC heap before
{Heap before GC invocations=23 (full 4):
 PSYoungGen      total 430080K, used 414068K [0x00000000d5580000, 0x00000000f1900000, 0x0000000100000000)
  eden space 401920K, 99% used [0x00000000d5580000,0x00000000eddff7e8,0x00000000ede00000)
  from space 28160K, 43% used [0x00000000efd80000,0x00000000f095d8c0,0x00000000f1900000)
  to   space 30208K, 0% used [0x00000000ede00000,0x00000000ede00000,0x00000000efb80000)
 ParOldGen       total 179200K, used 80925K [0x0000000080000000, 0x000000008af00000, 0x00000000d5580000)
  object space 179200K, 45% used [0x0000000080000000,0x0000000084f07758,0x000000008af00000)
 Metaspace       used 97400K, capacity 102876K, committed 103064K, reserved 1138688K
  class space    used 12913K, capacity 13926K, committed 13992K, reserved 1048576K
Event: 757.938 GC heap after
Heap after GC invocations=23 (full 4):
 PSYoungGen      total 432128K, used 10392K [0x00000000d5580000, 0x00000000f3b00000, 0x0000000100000000)
  eden space 401920K, 0% used [0x00000000d5580000,0x00000000d5580000,0x00000000ede00000)
  from space 30208K, 34% used [0x00000000ede00000,0x00000000ee8262f0,0x00000000efb80000)
  to   space 29184K, 0% used [0x00000000f1e80000,0x00000000f1e80000,0x00000000f3b00000)
 ParOldGen       total 179200K, used 80933K [0x0000000080000000, 0x000000008af00000, 0x00000000d5580000)
  object space 179200K, 45% used [0x0000000080000000,0x0000000084f09758,0x000000008af00000)
 Metaspace       used 97400K, capacity 102876K, committed 103064K, reserved 1138688K
  class space    used 12913K, capacity 13926K, committed 13992K, reserved 1048576K
}

