# JRE version: OpenJDK Runtime Environment (8.0_242-b01) (build 1.8.0_242-release-1644-b01)
# Java VM: OpenJDK 64-Bit Server VM (25.242-b01 mixed mode windows-amd64 compressed oops)
Heap:
 PSYoungGen      total 284672K, used 229257K [0x00000000d5580000, 0x00000000e9d80000, 0x0000000100000000)
  eden space 248320K, 86% used [0x00000000d5580000,0x00000000e273d1f8,0x00000000e4800000)
  from space 36352K, 39% used [0x00000000e4800000,0x00000000e56255c8,0x00000000e6b80000)
  to   space 34304K, 0% used [0x00000000e7c00000,0x00000000e7c00000,0x00000000e9d80000)
 ParOldGen       total 189952K, used 53549K [0x0000000080000000, 0x000000008b980000, 0x00000000d5580000)
  object space 189952K, 28% used [0x0000000080000000,0x000000008344b4e0,0x000000008b980000)
 Metaspace       used 98567K, capacity 102616K, committed 104856K, reserved 1140736K
  class space    used 12681K, capacity 13492K, committed 14000K, reserved 1048576K
GC Heap History (10 events):
Event: 4068.737 GC heap before
{Heap before GC invocations=19 (full 3):
 PSYoungGen      total 259072K, used 259060K [0x00000000d5580000, 0x00000000ea000000, 0x0000000100000000)
  eden space 230912K, 100% used [0x00000000d5580000,0x00000000e3700000,0x00000000e3700000)
  from space 28160K, 99% used [0x00000000e3700000,0x00000000e527d250,0x00000000e5280000)
  to   space 37376K, 0% used [0x00000000e7b80000,0x00000000e7b80000,0x00000000ea000000)
 ParOldGen       total 121344K, used 55386K [0x0000000080000000, 0x0000000087680000, 0x00000000d5580000)
  object space 121344K, 45% used [0x0000000080000000,0x0000000083616ad0,0x0000000087680000)
 Metaspace       used 91412K, capacity 96264K, committed 96536K, reserved 1132544K
  class space    used 11908K, capacity 12789K, committed 12848K, reserved 1048576K
Event: 4068.860 GC heap after
Heap after GC invocations=19 (full 3):
 PSYoungGen      total 287744K, used 21223K [0x00000000d5580000, 0x00000000e9980000, 0x0000000100000000)
  eden space 257024K, 0% used [0x00000000d5580000,0x00000000d5580000,0x00000000e5080000)
  from space 30720K, 69% used [0x00000000e7b80000,0x00000000e9039f10,0x00000000e9980000)
  to   space 37376K, 0% used [0x00000000e5080000,0x00000000e5080000,0x00000000e7500000)
 ParOldGen       total 121344K, used 72652K [0x0000000080000000, 0x0000000087680000, 0x00000000d5580000)
  object space 121344K, 59% used [0x0000000080000000,0x00000000846f33e0,0x0000000087680000)
 Metaspace       used 91412K, capacity 96264K, committed 96536K, reserved 1132544K
  class space    used 11908K, capacity 12789K, committed 12848K, reserved 1048576K
}
Event: 4073.817 GC heap before
{Heap before GC invocations=20 (full 3):
 PSYoungGen      total 287744K, used 131150K [0x00000000d5580000, 0x00000000e9980000, 0x0000000100000000)
  eden space 257024K, 42% used [0x00000000d5580000,0x00000000dc0d9cc8,0x00000000e5080000)
  from space 30720K, 69% used [0x00000000e7b80000,0x00000000e9039f10,0x00000000e9980000)
  to   space 37376K, 0% used [0x00000000e5080000,0x00000000e5080000,0x00000000e7500000)
 ParOldGen       total 121344K, used 72652K [0x0000000080000000, 0x0000000087680000, 0x00000000d5580000)
  object space 121344K, 59% used [0x0000000080000000,0x00000000846f33e0,0x0000000087680000)
 Metaspace       used 93149K, capacity 98576K, committed 98600K, reserved 1134592K
  class space    used 12180K, capacity 13211K, committed 13232K, reserved 1048576K
Event: 4073.853 GC heap after
Heap after GC invocations=20 (full 3):
 PSYoungGen      total 268288K, used 20732K [0x00000000d5580000, 0x00000000e9000000, 0x0000000100000000)
  eden space 247296K, 0% used [0x00000000d5580000,0x00000000d5580000,0x00000000e4700000)
  from space 20992K, 98% used [0x00000000e5080000,0x00000000e64bf1b8,0x00000000e6500000)
  to   space 37376K, 0% used [0x00000000e6b80000,0x00000000e6b80000,0x00000000e9000000)
 ParOldGen       total 121344K, used 72660K [0x0000000080000000, 0x0000000087680000, 0x00000000d5580000)
  object space 121344K, 59% used [0x0000000080000000,0x00000000846f53e0,0x0000000087680000)
 Metaspace       used 93149K, capacity 98576K, committed 98600K, reserved 1134592K
  class space    used 12180K, capacity 13211K, committed 13232K, reserved 1048576K
}
Event: 4073.853 GC heap before
{Heap before GC invocations=21 (full 4):
 PSYoungGen      total 268288K, used 20732K [0x00000000d5580000, 0x00000000e9000000, 0x0000000100000000)
  eden space 247296K, 0% used [0x00000000d5580000,0x00000000d5580000,0x00000000e4700000)
  from space 20992K, 98% used [0x00000000e5080000,0x00000000e64bf1b8,0x00000000e6500000)
  to   space 37376K, 0% used [0x00000000e6b80000,0x00000000e6b80000,0x00000000e9000000)
 ParOldGen       total 121344K, used 72660K [0x0000000080000000, 0x0000000087680000, 0x00000000d5580000)
  object space 121344K, 59% used [0x0000000080000000,0x00000000846f53e0,0x0000000087680000)
 Metaspace       used 93149K, capacity 98576K, committed 98600K, reserved 1134592K
  class space    used 12180K, capacity 13211K, committed 13232K, reserved 1048576K
Event: 4074.235 GC heap after
Heap after GC invocations=21 (full 4):
 PSYoungGen      total 268288K, used 0K [0x00000000d5580000, 0x00000000e9000000, 0x0000000100000000)
  eden space 247296K, 0% used [0x00000000d5580000,0x00000000d5580000,0x00000000e4700000)
  from space 20992K, 0% used [0x00000000e5080000,0x00000000e5080000,0x00000000e6500000)
  to   space 37376K, 0% used [0x00000000e6b80000,0x00000000e6b80000,0x00000000e9000000)
 ParOldGen       total 189952K, used 53533K [0x0000000080000000, 0x000000008b980000, 0x00000000d5580000)
  object space 189952K, 28% used [0x0000000080000000,0x00000000834474e0,0x000000008b980000)
 Metaspace       used 91436K, capacity 94826K, committed 98600K, reserved 1134592K
  class space    used 11786K, capacity 12489K, committed 13232K, reserved 1048576K
}
Event: 4096.635 GC heap before
{Heap before GC invocations=22 (full 4):
 PSYoungGen      total 268288K, used 247296K [0x00000000d5580000, 0x00000000e9000000, 0x0000000100000000)
  eden space 247296K, 100% used [0x00000000d5580000,0x00000000e4700000,0x00000000e4700000)
  from space 20992K, 0% used [0x00000000e5080000,0x00000000e5080000,0x00000000e6500000)
  to   space 37376K, 0% used [0x00000000e6b80000,0x00000000e6b80000,0x00000000e9000000)
 ParOldGen       total 189952K, used 53533K [0x0000000080000000, 0x000000008b980000, 0x00000000d5580000)
  object space 189952K, 28% used [0x0000000080000000,0x00000000834474e0,0x000000008b980000)
 Metaspace       used 93529K, capacity 97180K, committed 100376K, reserved 1136640K
  class space    used 12033K, capacity 12730K, committed 13360K, reserved 1048576K
Event: 4096.654 GC heap after
Heap after GC invocations=22 (full 4):
 PSYoungGen      total 285696K, used 10153K [0x00000000d5580000, 0x00000000e9f80000, 0x0000000100000000)
  eden space 248320K, 0% used [0x00000000d5580000,0x00000000d5580000,0x00000000e4800000)
  from space 37376K, 27% used [0x00000000e6b80000,0x00000000e756a448,0x00000000e9000000)
  to   space 36352K, 0% used [0x00000000e4800000,0x00000000e4800000,0x00000000e6b80000)
 ParOldGen       total 189952K, used 53541K [0x0000000080000000, 0x000000008b980000, 0x00000000d5580000)
  object space 189952K, 28% used [0x0000000080000000,0x00000000834494e0,0x000000008b980000)
 Metaspace       used 93529K, capacity 97180K, committed 100376K, reserved 1136640K
  class space    used 12033K, capacity 12730K, committed 13360K, reserved 1048576K
}
Event: 4099.645 GC heap before
{Heap before GC invocations=23 (full 4):
 PSYoungGen      total 285696K, used 258473K [0x00000000d5580000, 0x00000000e9f80000, 0x0000000100000000)
  eden space 248320K, 100% used [0x00000000d5580000,0x00000000e4800000,0x00000000e4800000)
  from space 37376K, 27% used [0x00000000e6b80000,0x00000000e756a448,0x00000000e9000000)
  to   space 36352K, 0% used [0x00000000e4800000,0x00000000e4800000,0x00000000e6b80000)
 ParOldGen       total 189952K, used 53541K [0x0000000080000000, 0x000000008b980000, 0x00000000d5580000)
  object space 189952K, 28% used [0x0000000080000000,0x00000000834494e0,0x000000008b980000)
 Metaspace       used 94696K, capacity 98474K, committed 101528K, reserved 1136640K
  class space    used 12159K, capacity 12895K, committed 13488K, reserved 1048576K
Event: 4099.673 GC heap after
Heap after GC invocations=23 (full 4):
 PSYoungGen      total 284672K, used 14485K [0x00000000d5580000, 0x00000000e9d80000, 0x0000000100000000)
  eden space 248320K, 0% used [0x00000000d5580000,0x00000000d5580000,0x00000000e4800000)
  from space 36352K, 39% used [0x00000000e4800000,0x00000000e56255c8,0x00000000e6b80000)
  to   space 34304K, 0% used [0x00000000e7c00000,0x00000000e7c00000,0x00000000e9d80000)
 ParOldGen       total 189952K, used 53549K [0x0000000080000000, 0x000000008b980000, 0x00000000d5580000)
  object space 189952K, 28% used [0x0000000080000000,0x000000008344b4e0,0x000000008b980000)
 Metaspace       used 94696K, capacity 98474K, committed 101528K, reserved 1136640K
  class space    used 12159K, capacity 12895K, committed 13488K, reserved 1048576K
}

