# JRE version: OpenJDK Runtime Environment (8.0_242-b01) (build 1.8.0_242-release-1644-b01)
# Java VM: OpenJDK 64-Bit Server VM (25.242-b01 mixed mode windows-amd64 compressed oops)
Heap:
 PSYoungGen      total 357888K, used 60060K [0x00000000d5580000, 0x00000000f2b80000, 0x0000000100000000)
  eden space 335872K, 11% used [0x00000000d5580000,0x00000000d7aa90a0,0x00000000e9d80000)
  from space 22016K, 99% used [0x00000000e9d80000,0x00000000eb2fe350,0x00000000eb300000)
  to   space 26624K, 0% used [0x00000000f1180000,0x00000000f1180000,0x00000000f2b80000)
 ParOldGen       total 100352K, used 58519K [0x0000000080000000, 0x0000000086200000, 0x00000000d5580000)
  object space 100352K, 58% used [0x0000000080000000,0x0000000083925eb8,0x0000000086200000)
 Metaspace       used 82506K, capacity 86952K, committed 87192K, reserved 1124352K
  class space    used 11028K, capacity 11854K, committed 11952K, reserved 1048576K
GC Heap History (10 events):
Event: 9.135 GC heap before
{Heap before GC invocations=14 (full 2):
 PSYoungGen      total 186880K, used 136027K [0x00000000d5580000, 0x00000000e7580000, 0x0000000100000000)
  eden space 173568K, 70% used [0x00000000d5580000,0x00000000dcd5d8f8,0x00000000dff00000)
  from space 13312K, 99% used [0x00000000dff00000,0x00000000e0bf9700,0x00000000e0c00000)
  to   space 17920K, 0% used [0x00000000e6400000,0x00000000e6400000,0x00000000e7580000)
 ParOldGen       total 62464K, used 21732K [0x0000000080000000, 0x0000000083d00000, 0x00000000d5580000)
  object space 62464K, 34% used [0x0000000080000000,0x00000000815393d8,0x0000000083d00000)
 Metaspace       used 56944K, capacity 59080K, committed 59160K, reserved 1099776K
  class space    used 7742K, capacity 8211K, committed 8240K, reserved 1048576K
Event: 9.159 GC heap after
Heap after GC invocations=14 (full 2):
 PSYoungGen      total 270848K, used 14149K [0x00000000d5580000, 0x00000000e7380000, 0x0000000100000000)
  eden space 254976K, 0% used [0x00000000d5580000,0x00000000d5580000,0x00000000e4e80000)
  from space 15872K, 89% used [0x00000000e6400000,0x00000000e71d1500,0x00000000e7380000)
  to   space 18944K, 0% used [0x00000000e4e80000,0x00000000e4e80000,0x00000000e6100000)
 ParOldGen       total 62464K, used 32394K [0x0000000080000000, 0x0000000083d00000, 0x00000000d5580000)
  object space 62464K, 51% used [0x0000000080000000,0x0000000081fa2b88,0x0000000083d00000)
 Metaspace       used 56944K, capacity 59080K, committed 59160K, reserved 1099776K
  class space    used 7742K, capacity 8211K, committed 8240K, reserved 1048576K
}
Event: 9.159 GC heap before
{Heap before GC invocations=15 (full 3):
 PSYoungGen      total 270848K, used 14149K [0x00000000d5580000, 0x00000000e7380000, 0x0000000100000000)
  eden space 254976K, 0% used [0x00000000d5580000,0x00000000d5580000,0x00000000e4e80000)
  from space 15872K, 89% used [0x00000000e6400000,0x00000000e71d1500,0x00000000e7380000)
  to   space 18944K, 0% used [0x00000000e4e80000,0x00000000e4e80000,0x00000000e6100000)
 ParOldGen       total 62464K, used 32394K [0x0000000080000000, 0x0000000083d00000, 0x00000000d5580000)
  object space 62464K, 51% used [0x0000000080000000,0x0000000081fa2b88,0x0000000083d00000)
 Metaspace       used 56944K, capacity 59080K, committed 59160K, reserved 1099776K
  class space    used 7742K, capacity 8211K, committed 8240K, reserved 1048576K
Event: 9.436 GC heap after
Heap after GC invocations=15 (full 3):
 PSYoungGen      total 270848K, used 0K [0x00000000d5580000, 0x00000000e7380000, 0x0000000100000000)
  eden space 254976K, 0% used [0x00000000d5580000,0x00000000d5580000,0x00000000e4e80000)
  from space 15872K, 0% used [0x00000000e6400000,0x00000000e6400000,0x00000000e7380000)
  to   space 18944K, 0% used [0x00000000e4e80000,0x00000000e4e80000,0x00000000e6100000)
 ParOldGen       total 100352K, used 37331K [0x0000000080000000, 0x0000000086200000, 0x00000000d5580000)
  object space 100352K, 37% used [0x0000000080000000,0x0000000082474f00,0x0000000086200000)
 Metaspace       used 56913K, capacity 58972K, committed 59160K, reserved 1099776K
  class space    used 7732K, capacity 8193K, committed 8240K, reserved 1048576K
}
Event: 11.737 GC heap before
{Heap before GC invocations=16 (full 3):
 PSYoungGen      total 270848K, used 254976K [0x00000000d5580000, 0x00000000e7380000, 0x0000000100000000)
  eden space 254976K, 100% used [0x00000000d5580000,0x00000000e4e80000,0x00000000e4e80000)
  from space 15872K, 0% used [0x00000000e6400000,0x00000000e6400000,0x00000000e7380000)
  to   space 18944K, 0% used [0x00000000e4e80000,0x00000000e4e80000,0x00000000e6100000)
 ParOldGen       total 100352K, used 37331K [0x0000000080000000, 0x0000000086200000, 0x00000000d5580000)
  object space 100352K, 37% used [0x0000000080000000,0x0000000082474f00,0x0000000086200000)
 Metaspace       used 64611K, capacity 68170K, committed 68248K, reserved 1107968K
  class space    used 8922K, capacity 9611K, committed 9648K, reserved 1048576K
Event: 11.764 GC heap after
Heap after GC invocations=16 (full 3):
 PSYoungGen      total 273920K, used 18917K [0x00000000d5580000, 0x00000000ed380000, 0x0000000100000000)
  eden space 254976K, 0% used [0x00000000d5580000,0x00000000d5580000,0x00000000e4e80000)
  from space 18944K, 99% used [0x00000000e4e80000,0x00000000e60f9700,0x00000000e6100000)
  to   space 22528K, 0% used [0x00000000ebd80000,0x00000000ebd80000,0x00000000ed380000)
 ParOldGen       total 100352K, used 39127K [0x0000000080000000, 0x0000000086200000, 0x00000000d5580000)
  object space 100352K, 38% used [0x0000000080000000,0x0000000082635f38,0x0000000086200000)
 Metaspace       used 64611K, capacity 68170K, committed 68248K, reserved 1107968K
  class space    used 8922K, capacity 9611K, committed 9648K, reserved 1048576K
}
Event: 20.404 GC heap before
{Heap before GC invocations=17 (full 3):
 PSYoungGen      total 273920K, used 273893K [0x00000000d5580000, 0x00000000ed380000, 0x0000000100000000)
  eden space 254976K, 100% used [0x00000000d5580000,0x00000000e4e80000,0x00000000e4e80000)
  from space 18944K, 99% used [0x00000000e4e80000,0x00000000e60f9700,0x00000000e6100000)
  to   space 22528K, 0% used [0x00000000ebd80000,0x00000000ebd80000,0x00000000ed380000)
 ParOldGen       total 100352K, used 39127K [0x0000000080000000, 0x0000000086200000, 0x00000000d5580000)
  object space 100352K, 38% used [0x0000000080000000,0x0000000082635f38,0x0000000086200000)
 Metaspace       used 67843K, capacity 71588K, committed 71704K, reserved 1112064K
  class space    used 9274K, capacity 10002K, committed 10032K, reserved 1048576K
Event: 20.424 GC heap after
Heap after GC invocations=17 (full 3):
 PSYoungGen      total 347136K, used 6104K [0x00000000d5580000, 0x00000000ec880000, 0x0000000100000000)
  eden space 335872K, 0% used [0x00000000d5580000,0x00000000d5580000,0x00000000e9d80000)
  from space 11264K, 54% used [0x00000000ebd80000,0x00000000ec376270,0x00000000ec880000)
  to   space 22016K, 0% used [0x00000000e9d80000,0x00000000e9d80000,0x00000000eb300000)
 ParOldGen       total 100352K, used 54614K [0x0000000080000000, 0x0000000086200000, 0x00000000d5580000)
  object space 100352K, 54% used [0x0000000080000000,0x0000000083555930,0x0000000086200000)
 Metaspace       used 67843K, capacity 71588K, committed 71704K, reserved 1112064K
  class space    used 9274K, capacity 10002K, committed 10032K, reserved 1048576K
}
Event: 720.518 GC heap before
{Heap before GC invocations=18 (full 3):
 PSYoungGen      total 347136K, used 341976K [0x00000000d5580000, 0x00000000ec880000, 0x0000000100000000)
  eden space 335872K, 100% used [0x00000000d5580000,0x00000000e9d80000,0x00000000e9d80000)
  from space 11264K, 54% used [0x00000000ebd80000,0x00000000ec376270,0x00000000ec880000)
  to   space 22016K, 0% used [0x00000000e9d80000,0x00000000e9d80000,0x00000000eb300000)
 ParOldGen       total 100352K, used 54614K [0x0000000080000000, 0x0000000086200000, 0x00000000d5580000)
  object space 100352K, 54% used [0x0000000080000000,0x0000000083555930,0x0000000086200000)
 Metaspace       used 82132K, capacity 86472K, committed 86680K, reserved 1124352K
  class space    used 11021K, capacity 11842K, committed 11952K, reserved 1048576K
Event: 720.550 GC heap after
Heap after GC invocations=18 (full 3):
 PSYoungGen      total 357888K, used 22008K [0x00000000d5580000, 0x00000000f2b80000, 0x0000000100000000)
  eden space 335872K, 0% used [0x00000000d5580000,0x00000000d5580000,0x00000000e9d80000)
  from space 22016K, 99% used [0x00000000e9d80000,0x00000000eb2fe350,0x00000000eb300000)
  to   space 26624K, 0% used [0x00000000f1180000,0x00000000f1180000,0x00000000f2b80000)
 ParOldGen       total 100352K, used 58519K [0x0000000080000000, 0x0000000086200000, 0x00000000d5580000)
  object space 100352K, 58% used [0x0000000080000000,0x0000000083925eb8,0x0000000086200000)
 Metaspace       used 82132K, capacity 86472K, committed 86680K, reserved 1124352K
  class space    used 11021K, capacity 11842K, committed 11952K, reserved 1048576K
}

